Using pre-set license
Built from '2022.3/staging' branch; Version is '2022.3.8f1 (b5eafc012955) revision 11922172'; Using compiler version '192829333'; Build Type 'Release'
OS: 'Windows 11  (10.0.22621) 64bit CoreSingleLanguage' Language: 'en' Physical Memory: 7599 MB
BatchMode: 1, IsHumanControllingUs: 0, StartBugReporterOnCrash: 0, Is64bit: 1, IsPro: 1

COMMAND LINE ARGUMENTS:
C:\Program Files\Unity\Hub\Editor\2022.3.8f1\Editor\Unity.exe
-adb2
-batchMode
-noUpm
-name
AssetImportWorker2
-projectPath
C:/Users/ASUS/gameunity/Test_Project
-logFile
Logs/AssetImportWorker2.log
-srvPort
56071
Successfully changed project path to: C:/Users/ASUS/gameunity/Test_Project
C:/Users/ASUS/gameunity/Test_Project
[UnityMemory] Configuration Parameters - Can be set up in boot.config
    "memorysetup-bucket-allocator-granularity=16"
    "memorysetup-bucket-allocator-bucket-count=8"
    "memorysetup-bucket-allocator-block-size=33554432"
    "memorysetup-bucket-allocator-block-count=8"
    "memorysetup-main-allocator-block-size=16777216"
    "memorysetup-thread-allocator-block-size=16777216"
    "memorysetup-gfx-main-allocator-block-size=16777216"
    "memorysetup-gfx-thread-allocator-block-size=16777216"
    "memorysetup-cache-allocator-block-size=4194304"
    "memorysetup-typetree-allocator-block-size=2097152"
    "memorysetup-profiler-bucket-allocator-granularity=16"
    "memorysetup-profiler-bucket-allocator-bucket-count=8"
    "memorysetup-profiler-bucket-allocator-block-size=33554432"
    "memorysetup-profiler-bucket-allocator-block-count=8"
    "memorysetup-profiler-allocator-block-size=16777216"
    "memorysetup-profiler-editor-allocator-block-size=1048576"
    "memorysetup-temp-allocator-size-main=16777216"
    "memorysetup-job-temp-allocator-block-size=2097152"
    "memorysetup-job-temp-allocator-block-size-background=1048576"
    "memorysetup-job-temp-allocator-reduction-small-platforms=262144"
    "memorysetup-allocator-temp-initial-block-size-main=262144"
    "memorysetup-allocator-temp-initial-block-size-worker=262144"
    "memorysetup-temp-allocator-size-background-worker=32768"
    "memorysetup-temp-allocator-size-job-worker=262144"
    "memorysetup-temp-allocator-size-preload-manager=33554432"
    "memorysetup-temp-allocator-size-nav-mesh-worker=65536"
    "memorysetup-temp-allocator-size-audio-worker=65536"
    "memorysetup-temp-allocator-size-cloud-worker=32768"
    "memorysetup-temp-allocator-size-gi-baking-worker=262144"
    "memorysetup-temp-allocator-size-gfx=262144"
Player connection [10816] Host "[IP] 192.168.1.16 [Port] 0 [Flags] 2 [Guid] 2028161772 [EditorId] 2028161772 [Version] 1048832 [Id] WindowsEditor(7,LAPTOP-UU5VOIFD) [Debug] 1 [PackageName] WindowsEditor [ProjectName] Editor" joined multi-casting on [225.0.0.222:54997]...

Player connection [10816] Host "[IP] 192.168.1.16 [Port] 0 [Flags] 2 [Guid] 2028161772 [EditorId] 2028161772 [Version] 1048832 [Id] WindowsEditor(7,LAPTOP-UU5VOIFD) [Debug] 1 [PackageName] WindowsEditor [ProjectName] Editor" joined alternative multi-casting on [225.0.0.222:34997]...

[Physics::Module] Initialized MultithreadedJobDispatcher with 15 workers.
Refreshing native plugins compatible for Editor in 7.89 ms, found 3 plugins.
Preloading 0 native plugins for Editor in 0.00 ms.
Initialize engine version: 2022.3.8f1 (b5eafc012955)
[Subsystems] Discovering subsystems at path C:/Program Files/Unity/Hub/Editor/2022.3.8f1/Editor/Data/Resources/UnitySubsystems
[Subsystems] Discovering subsystems at path C:/Users/ASUS/gameunity/Test_Project/Assets
GfxDevice: creating device client; threaded=0; jobified=0
Direct3D:
    Version:  Direct3D 11.0 [level 11.1]
    Renderer: NVIDIA GeForce GTX 1650 (ID=0x1f9d)
    Vendor:   NVIDIA
    VRAM:     3962 MB
    Driver:   30.0.15.1278
Initialize mono
Mono path[0] = 'C:/Program Files/Unity/Hub/Editor/2022.3.8f1/Editor/Data/Managed'
Mono path[1] = 'C:/Program Files/Unity/Hub/Editor/2022.3.8f1/Editor/Data/MonoBleedingEdge/lib/mono/unityjit-win32'
Mono config path = 'C:/Program Files/Unity/Hub/Editor/2022.3.8f1/Editor/Data/MonoBleedingEdge/etc'
Using monoOptions --debugger-agent=transport=dt_socket,embedding=1,server=y,suspend=n,address=127.0.0.1:56356
Begin MonoManager ReloadAssembly
Registering precompiled unity dll's ...
Register platform support module: C:/Program Files/Unity/Hub/Editor/2022.3.8f1/Editor/Data/PlaybackEngines/WebGLSupport/UnityEditor.WebGL.Extensions.dll
Register platform support module: C:/Program Files/Unity/Hub/Editor/2022.3.8f1/Editor/Data/PlaybackEngines/AndroidPlayer/UnityEditor.Android.Extensions.dll
Register platform support module: C:/Program Files/Unity/Hub/Editor/2022.3.8f1/Editor/Data/PlaybackEngines/WindowsStandaloneSupport/UnityEditor.WindowsStandalone.Extensions.dll
Registered in 0.010905 seconds.
- Loaded All Assemblies, in  0.379 seconds
Native extension for WindowsStandalone target not found
Native extension for Android target not found
Android Extension - Scanning For ADB Devices 231 ms
Native extension for WebGL target not found
Mono: successfully reloaded assembly
- Finished resetting the current domain, in  0.541 seconds
Domain Reload Profiling: 918ms
	BeginReloadAssembly (141ms)
		ExecutionOrderSort (0ms)
		DisableScriptedObjects (0ms)
		BackupInstance (0ms)
		ReleaseScriptingObjects (0ms)
		CreateAndSetChildDomain (1ms)
	RebuildCommonClasses (34ms)
	RebuildNativeTypeToScriptingClass (10ms)
	initialDomainReloadingComplete (54ms)
	LoadAllAssembliesAndSetupDomain (137ms)
		LoadAssemblies (140ms)
		RebuildTransferFunctionScriptingTraits (0ms)
		AnalyzeDomain (135ms)
			TypeCache.Refresh (134ms)
				TypeCache.ScanAssembly (122ms)
			ScanForSourceGeneratedMonoScriptInfo (0ms)
			ResolveRequiredComponents (0ms)
	FinalizeReload (541ms)
		ReleaseScriptCaches (0ms)
		RebuildScriptCaches (0ms)
		SetupLoadedEditorAssemblies (490ms)
			LogAssemblyErrors (0ms)
			InitializePlatformSupportModulesInManaged (358ms)
			SetLoadedEditorAssemblies (3ms)
			RefreshPlugins (0ms)
			BeforeProcessingInitializeOnLoad (2ms)
			ProcessInitializeOnLoadAttributes (86ms)
			ProcessInitializeOnLoadMethodAttributes (41ms)
			AfterProcessingInitializeOnLoad (0ms)
			EditorAssembliesLoaded (0ms)
		ExecutionOrderSort2 (0ms)
		AwakeInstancesAfterBackupRestoration (0ms)
========================================================================
Worker process is ready to serve import requests
Begin MonoManager ReloadAssembly
- Loaded All Assemblies, in  0.768 seconds
Refreshing native plugins compatible for Editor in 2.26 ms, found 3 plugins.
Native extension for WindowsStandalone target not found
Native extension for Android target not found
Native extension for WebGL target not found
Package Manager log level set to [2]
[Package Manager] Server::EnsureServerProcessIsRunning -- launch failed, reason: Unity was launched with the -noUpm command-line argument
[Package Manager] UpmClient::Send -- Unable to send message (not connected to UPM process).
[Package Manager] Cannot connect to Unity Package Manager local server
Mono: successfully reloaded assembly
- Finished resetting the current domain, in  0.838 seconds
Domain Reload Profiling: 1605ms
	BeginReloadAssembly (128ms)
		ExecutionOrderSort (0ms)
		DisableScriptedObjects (5ms)
		BackupInstance (0ms)
		ReleaseScriptingObjects (0ms)
		CreateAndSetChildDomain (20ms)
	RebuildCommonClasses (31ms)
	RebuildNativeTypeToScriptingClass (10ms)
	initialDomainReloadingComplete (35ms)
	LoadAllAssembliesAndSetupDomain (562ms)
		LoadAssemblies (451ms)
		RebuildTransferFunctionScriptingTraits (0ms)
		AnalyzeDomain (184ms)
			TypeCache.Refresh (164ms)
				TypeCache.ScanAssembly (145ms)
			ScanForSourceGeneratedMonoScriptInfo (14ms)
			ResolveRequiredComponents (4ms)
	FinalizeReload (838ms)
		ReleaseScriptCaches (0ms)
		RebuildScriptCaches (0ms)
		SetupLoadedEditorAssemblies (680ms)
			LogAssemblyErrors (0ms)
			InitializePlatformSupportModulesInManaged (23ms)
			SetLoadedEditorAssemblies (4ms)
			RefreshPlugins (0ms)
			BeforeProcessingInitializeOnLoad (66ms)
			ProcessInitializeOnLoadAttributes (547ms)
			ProcessInitializeOnLoadMethodAttributes (33ms)
			AfterProcessingInitializeOnLoad (6ms)
			EditorAssembliesLoaded (0ms)
		ExecutionOrderSort2 (0ms)
		AwakeInstancesAfterBackupRestoration (9ms)
Launched and connected shader compiler UnityShaderCompiler.exe after 0.06 seconds
Refreshing native plugins compatible for Editor in 2.19 ms, found 3 plugins.
Preloading 0 native plugins for Editor in 0.00 ms.
Unloading 3346 Unused Serialized files (Serialized files now loaded: 0)
Unloading 48 unused Assets / (129.7 KB). Loaded Objects now: 3818.
Memory consumption went from 125.8 MB to 125.7 MB.
Total: 3.827000 ms (FindLiveObjects: 0.320600 ms CreateObjectMapping: 0.130800 ms MarkObjects: 3.206900 ms  DeleteObjects: 0.167500 ms)

AssetImportParameters requested are different than current active one (requested -> active):
  custom:container-demuxer-ogg: 62fdf1f143b41e24485cea50d1cbac27 -> 
  custom:video-codec-MediaFoundation-h265: 746d11721c4dcdbdad8f713fa42b33f4 -> 
  custom:video-decoder-ogg-theora: a1e56fd34408186e4bbccfd4996cb3dc -> 
  custom:framework-win-MediaFoundation: 216162199b28c13a410421893ffa2e32 -> 
  custom:CustomObjectIndexerAttribute: 756ad292c208cfabdd7b50bc23989ffe -> 
  custom:container-demuxer-webm: 4f35f7cbe854078d1ac9338744f61a02 -> 
  custom:container-muxer-webm: aa71ff27fc2769a1b78a27578f13a17b -> 
  custom:video-decoder-webm-vp8: 9c59270c3fd7afecdb556c50c9e8de78 -> 
  custom:SearchIndexIgnoredProperties: e643bd26f0fe6173181afceb89e7c659 -> 
  custom:AudioImporter_EditorPlatform: d09bf68614088b80899f8185d706f6e7 -> 
  custom:video-encoder-webm-vp8: eb34c28f22e8b96e1ab97ce403110664 -> 
  custom:audio-decoder-ogg-vorbis: bf7c407c2cedff20999df2af8eb42d56 -> 
  custom:audio-encoder-webm-vorbis: bf7c407c2cedff20999df2af8eb42d56 -> 
========================================================================
Received Import Request.
  Time since last request: 1107604.666286 seconds.
  path: Assets/Asset3D/Asset/Internship_BT1_StackMaker/_MazeMakerAssets/Texture2D/lihua01.png
  artifactKey: Guid(60c80835e85a5be4cbfbbf2f139bc1e0) Importer(815301076,1909f56bfc062723c751e8b465ee728b)
Start importing Assets/Asset3D/Asset/Internship_BT1_StackMaker/_MazeMakerAssets/Texture2D/lihua01.png using Guid(60c80835e85a5be4cbfbbf2f139bc1e0) Importer(815301076,1909f56bfc062723c751e8b465ee728b)  -> (artifact id: '33440cdd3b43e3df5a90d4bfa1761865') in 0.076341 seconds
Number of updated asset objects reloaded before import = 0
Number of asset objects unloaded after import = 2
========================================================================
Received Import Request.
  Time since last request: 0.000073 seconds.
  path: Assets/Asset3D/Asset/Internship_BT1_StackMaker/_MazeMakerAssets/Texture2D/mask.png
  artifactKey: Guid(ad73cc92730ae0843b0e1f742006668c) Importer(815301076,1909f56bfc062723c751e8b465ee728b)
Start importing Assets/Asset3D/Asset/Internship_BT1_StackMaker/_MazeMakerAssets/Texture2D/mask.png using Guid(ad73cc92730ae0843b0e1f742006668c) Importer(815301076,1909f56bfc062723c751e8b465ee728b)  -> (artifact id: '4cb563d741185b4437be8796393787c5') in 0.050228 seconds
Number of updated asset objects reloaded before import = 0
Number of asset objects unloaded after import = 3
========================================================================
Received Import Request.
  Time since last request: 0.000049 seconds.
  path: Assets/Asset3D/Asset/Internship_BT1_StackMaker/_MazeMakerAssets/Texture2D/newbody_001.png
  artifactKey: Guid(d0476299f1754794883b935c2fddd6b7) Importer(815301076,1909f56bfc062723c751e8b465ee728b)
Start importing Assets/Asset3D/Asset/Internship_BT1_StackMaker/_MazeMakerAssets/Texture2D/newbody_001.png using Guid(d0476299f1754794883b935c2fddd6b7) Importer(815301076,1909f56bfc062723c751e8b465ee728b)  -> (artifact id: 'c005195b056eab424538a9690bde3878') in 0.020908 seconds
Number of updated asset objects reloaded before import = 0
Number of asset objects unloaded after import = 2
========================================================================
Received Import Request.
  Time since last request: 0.027486 seconds.
  path: Assets/Asset3D/Asset/Internship_BT1_StackMaker/_MazeMakerAssets/Texture2D/open .png
  artifactKey: Guid(2ca62fbef7a91894f845ce3a121c60db) Importer(815301076,1909f56bfc062723c751e8b465ee728b)
Start importing Assets/Asset3D/Asset/Internship_BT1_StackMaker/_MazeMakerAssets/Texture2D/open .png using Guid(2ca62fbef7a91894f845ce3a121c60db) Importer(815301076,1909f56bfc062723c751e8b465ee728b)  -> (artifact id: '281837436f795766cc16044b4b95957e') in 0.019631 seconds
Number of updated asset objects reloaded before import = 0
Number of asset objects unloaded after import = 3
========================================================================
Received Import Request.
  Time since last request: 0.425495 seconds.
  path: Assets/Asset3D/Asset/Internship_BT1_StackMaker/_MazeMakerAssets/Texture2D/quan.png
  artifactKey: Guid(f7db731cc21e6d24ca914138046a96d6) Importer(815301076,1909f56bfc062723c751e8b465ee728b)
Start importing Assets/Asset3D/Asset/Internship_BT1_StackMaker/_MazeMakerAssets/Texture2D/quan.png using Guid(f7db731cc21e6d24ca914138046a96d6) Importer(815301076,1909f56bfc062723c751e8b465ee728b)  -> (artifact id: '6d64e1b845e445f2356b62f41ea4c379') in 0.016946 seconds
Number of updated asset objects reloaded before import = 0
Number of asset objects unloaded after import = 3
========================================================================
Received Import Request.
  Time since last request: 0.035462 seconds.
  path: Assets/Asset3D/Asset/Internship_BT1_StackMaker/_MazeMakerAssets/Texture2D/sanjiao.png
  artifactKey: Guid(4619d4cf71eb63041a107e765ca604cc) Importer(815301076,1909f56bfc062723c751e8b465ee728b)
Start importing Assets/Asset3D/Asset/Internship_BT1_StackMaker/_MazeMakerAssets/Texture2D/sanjiao.png using Guid(4619d4cf71eb63041a107e765ca604cc) Importer(815301076,1909f56bfc062723c751e8b465ee728b)  -> (artifact id: 'aeeecba53a2a636a322b20746a88d00a') in 0.021585 seconds
Number of updated asset objects reloaded before import = 0
Number of asset objects unloaded after import = 3
========================================================================
Received Import Request.
  Time since last request: 0.025403 seconds.
  path: Assets/Asset3D/Asset/Internship_BT1_StackMaker/_MazeMakerAssets/Texture2D/shezhi.png
  artifactKey: Guid(7796ea8c99718ac45886ad75f6b74032) Importer(815301076,1909f56bfc062723c751e8b465ee728b)
Start importing Assets/Asset3D/Asset/Internship_BT1_StackMaker/_MazeMakerAssets/Texture2D/shezhi.png using Guid(7796ea8c99718ac45886ad75f6b74032) Importer(815301076,1909f56bfc062723c751e8b465ee728b)  -> (artifact id: '08b4886c03eef70e7e28987c0cf6514f') in 0.018988 seconds
Number of updated asset objects reloaded before import = 0
Number of asset objects unloaded after import = 3
========================================================================
Received Import Request.
  Time since last request: 0.370827 seconds.
  path: Assets/Asset3D/Asset/Internship_BT1_StackMaker/_MazeMakerAssets/Texture2D/shui.png
  artifactKey: Guid(e53b1b2f9cc013f43bb73b8c477ec9d2) Importer(815301076,1909f56bfc062723c751e8b465ee728b)
Start importing Assets/Asset3D/Asset/Internship_BT1_StackMaker/_MazeMakerAssets/Texture2D/shui.png using Guid(e53b1b2f9cc013f43bb73b8c477ec9d2) Importer(815301076,1909f56bfc062723c751e8b465ee728b)  -> (artifact id: '90b76fa79c71d5b3f2cf8d9507295ae9') in 0.018486 seconds
Number of updated asset objects reloaded before import = 0
Number of asset objects unloaded after import = 2
========================================================================
Received Import Request.
  Time since last request: 0.031137 seconds.
  path: Assets/Asset3D/Asset/Internship_BT1_StackMaker/_MazeMakerAssets/Texture2D/skeleton.png
  artifactKey: Guid(3e1c3b3ee1311174d954a418d8cdc3c5) Importer(815301076,1909f56bfc062723c751e8b465ee728b)
Start importing Assets/Asset3D/Asset/Internship_BT1_StackMaker/_MazeMakerAssets/Texture2D/skeleton.png using Guid(3e1c3b3ee1311174d954a418d8cdc3c5) Importer(815301076,1909f56bfc062723c751e8b465ee728b)  -> (artifact id: '10136b40fe4df2880dd95324d0f0b2e9') in 0.017999 seconds
Number of updated asset objects reloaded before import = 0
Number of asset objects unloaded after import = 2
========================================================================
Received Import Request.
  Time since last request: 0.000100 seconds.
  path: Assets/Asset3D/Asset/Internship_BT1_StackMaker/_MazeMakerAssets/Texture2D/Submit.png
  artifactKey: Guid(c847130245f461746834fc8456cac66d) Importer(815301076,1909f56bfc062723c751e8b465ee728b)
Start importing Assets/Asset3D/Asset/Internship_BT1_StackMaker/_MazeMakerAssets/Texture2D/Submit.png using Guid(c847130245f461746834fc8456cac66d) Importer(815301076,1909f56bfc062723c751e8b465ee728b)  -> (artifact id: '51c1d6d7708b19e04dc9b261bb737595') in 0.025897 seconds
Number of updated asset objects reloaded before import = 0
Number of asset objects unloaded after import = 3
========================================================================
Received Import Request.
  Time since last request: 0.000390 seconds.
  path: Assets/Asset3D/Asset/Internship_BT1_StackMaker/_MazeMakerAssets/Texture2D/suipian_0.png
  artifactKey: Guid(0d350c2d57aaa7b429ce771c73982a46) Importer(815301076,1909f56bfc062723c751e8b465ee728b)
Start importing Assets/Asset3D/Asset/Internship_BT1_StackMaker/_MazeMakerAssets/Texture2D/suipian_0.png using Guid(0d350c2d57aaa7b429ce771c73982a46) Importer(815301076,1909f56bfc062723c751e8b465ee728b)  -> (artifact id: '100cb948454697ea209c37bfa90aa3f0') in 0.019947 seconds
Number of updated asset objects reloaded before import = 0
Number of asset objects unloaded after import = 3
========================================================================
Received Import Request.
  Time since last request: 0.330471 seconds.
  path: Assets/Asset3D/Asset/Internship_BT1_StackMaker/_MazeMakerAssets/Texture2D/upjb.png
  artifactKey: Guid(34bf8273d4bd4b748a243e5d9d67d5d7) Importer(815301076,1909f56bfc062723c751e8b465ee728b)
Start importing Assets/Asset3D/Asset/Internship_BT1_StackMaker/_MazeMakerAssets/Texture2D/upjb.png using Guid(34bf8273d4bd4b748a243e5d9d67d5d7) Importer(815301076,1909f56bfc062723c751e8b465ee728b)  -> (artifact id: 'e2b8951dcc0b45698e38274b05586411') in 0.021188 seconds
Number of updated asset objects reloaded before import = 0
Number of asset objects unloaded after import = 3
========================================================================
Received Import Request.
  Time since last request: 0.002387 seconds.
  path: Assets/Asset3D/Asset/Internship_BT1_StackMaker/_MazeMakerAssets/Texture2D/wujiaoxingjinbi_D_dui1.png
  artifactKey: Guid(fbe38bb9c3206f24d89e503d520dc390) Importer(815301076,1909f56bfc062723c751e8b465ee728b)
Start importing Assets/Asset3D/Asset/Internship_BT1_StackMaker/_MazeMakerAssets/Texture2D/wujiaoxingjinbi_D_dui1.png using Guid(fbe38bb9c3206f24d89e503d520dc390) Importer(815301076,1909f56bfc062723c751e8b465ee728b)  -> (artifact id: '3826c95b93491d897fb522777a2dc894') in 0.017077 seconds
Number of updated asset objects reloaded before import = 0
Number of asset objects unloaded after import = 2
========================================================================
Received Import Request.
  Time since last request: 0.033134 seconds.
  path: Assets/Asset3D/Asset/Internship_BT1_StackMaker/_MazeMakerAssets/Texture2D/xian.png
  artifactKey: Guid(f6fbf8c3fa6a6e845bba0d3b3cb5afb6) Importer(815301076,1909f56bfc062723c751e8b465ee728b)
Start importing Assets/Asset3D/Asset/Internship_BT1_StackMaker/_MazeMakerAssets/Texture2D/xian.png using Guid(f6fbf8c3fa6a6e845bba0d3b3cb5afb6) Importer(815301076,1909f56bfc062723c751e8b465ee728b)  -> (artifact id: 'bf8c20feaa19026e7d01a089e951ed98') in 0.023483 seconds
Number of updated asset objects reloaded before import = 0
Number of asset objects unloaded after import = 3
========================================================================
Received Import Request.
  Time since last request: 0.000782 seconds.
  path: Assets/Asset3D/Asset/Internship_BT1_StackMaker/_MazeMakerAssets/Texture2D/xx1.png
  artifactKey: Guid(26db3877e00bc924c976cd16cf747882) Importer(815301076,1909f56bfc062723c751e8b465ee728b)
Start importing Assets/Asset3D/Asset/Internship_BT1_StackMaker/_MazeMakerAssets/Texture2D/xx1.png using Guid(26db3877e00bc924c976cd16cf747882) Importer(815301076,1909f56bfc062723c751e8b465ee728b)  -> (artifact id: '043fe267c9f629c6378b2dd1f414fa69') in 0.019719 seconds
Number of updated asset objects reloaded before import = 0
Number of asset objects unloaded after import = 3
========================================================================
Received Import Request.
  Time since last request: 0.345712 seconds.
  path: Assets/Asset3D/Asset/Internship_BT1_StackMaker/_MazeMakerAssets/Texture2D/yes.png
  artifactKey: Guid(7674cc32a7bcbca40b4db4af3defc0dd) Importer(815301076,1909f56bfc062723c751e8b465ee728b)
Start importing Assets/Asset3D/Asset/Internship_BT1_StackMaker/_MazeMakerAssets/Texture2D/yes.png using Guid(7674cc32a7bcbca40b4db4af3defc0dd) Importer(815301076,1909f56bfc062723c751e8b465ee728b)  -> (artifact id: '041008e8bb031c7f9d673509de4a6ddb') in 0.020275 seconds
Number of updated asset objects reloaded before import = 0
Number of asset objects unloaded after import = 3
========================================================================
Received Import Request.
  Time since last request: 0.044047 seconds.
  path: Assets/Asset3D/Asset/Internship_BT1_StackMaker/_MazeMakerAssets/Texture2D/yinyue2.png
  artifactKey: Guid(ca504aaa0fb07d042963e8a3c62cb161) Importer(815301076,1909f56bfc062723c751e8b465ee728b)
Start importing Assets/Asset3D/Asset/Internship_BT1_StackMaker/_MazeMakerAssets/Texture2D/yinyue2.png using Guid(ca504aaa0fb07d042963e8a3c62cb161) Importer(815301076,1909f56bfc062723c751e8b465ee728b)  -> (artifact id: '06ce147e66a05dd810840414133c0eb8') in 0.024740 seconds
Number of updated asset objects reloaded before import = 0
Number of asset objects unloaded after import = 3
========================================================================
Received Import Request.
  Time since last request: 0.000016 seconds.
  path: Assets/Asset3D/Asset/Internship_BT1_StackMaker/_MazeMakerAssets/Texture2D/zlzq01.png
  artifactKey: Guid(47586c45a62e4364b80aa20330645afe) Importer(815301076,1909f56bfc062723c751e8b465ee728b)
Start importing Assets/Asset3D/Asset/Internship_BT1_StackMaker/_MazeMakerAssets/Texture2D/zlzq01.png using Guid(47586c45a62e4364b80aa20330645afe) Importer(815301076,1909f56bfc062723c751e8b465ee728b)  -> (artifact id: '924ec4dfaa0f7ecf3b1aaeb4e8b7a1fa') in 0.013953 seconds
Number of updated asset objects reloaded before import = 0
Number of asset objects unloaded after import = 2
========================================================================
Received Import Request.
  Time since last request: 0.017022 seconds.
  path: Assets/Asset3D/Asset/Internship_BT1_StackMaker/_MazeMakerAssets/Texture2D/zs01-1.png
  artifactKey: Guid(44e1fc7535c83e1499ca2765e1f40f85) Importer(815301076,1909f56bfc062723c751e8b465ee728b)
Start importing Assets/Asset3D/Asset/Internship_BT1_StackMaker/_MazeMakerAssets/Texture2D/zs01-1.png using Guid(44e1fc7535c83e1499ca2765e1f40f85) Importer(815301076,1909f56bfc062723c751e8b465ee728b)  -> (artifact id: 'a74a6ad925cebf0fa547671003c25c53') in 0.015619 seconds
Number of updated asset objects reloaded before import = 0
Number of asset objects unloaded after import = 2
========================================================================
Received Import Request.
  Time since last request: 0.436723 seconds.
  path: Assets/Asset3D/Asset/Internship_BT1_StackMaker/_MazeMakerAssets/Texture2D/zuanshi152.png
  artifactKey: Guid(4180bb9c33f49774c9e380a2c7d2ba03) Importer(815301076,1909f56bfc062723c751e8b465ee728b)
Start importing Assets/Asset3D/Asset/Internship_BT1_StackMaker/_MazeMakerAssets/Texture2D/zuanshi152.png using Guid(4180bb9c33f49774c9e380a2c7d2ba03) Importer(815301076,1909f56bfc062723c751e8b465ee728b)  -> (artifact id: 'ffdedf3d075f6ab3df2913ec58c8de51') in 0.056305 seconds
Number of updated asset objects reloaded before import = 0
Number of asset objects unloaded after import = 2
========================================================================
Received Prepare
Begin MonoManager ReloadAssembly
- Loaded All Assemblies, in  0.550 seconds
Refreshing native plugins compatible for Editor in 2.19 ms, found 3 plugins.
Native extension for WindowsStandalone target not found
Native extension for Android target not found
Native extension for WebGL target not found
[Package Manager] Server::EnsureServerProcessIsRunning -- launch failed, reason: Unity was launched with the -noUpm command-line argument
[Package Manager] UpmClient::Send -- Unable to send message (not connected to UPM process).
[Package Manager] Cannot connect to Unity Package Manager local server
Mono: successfully reloaded assembly
- Finished resetting the current domain, in  1.700 seconds
Domain Reload Profiling: 2249ms
	BeginReloadAssembly (169ms)
		ExecutionOrderSort (0ms)
		DisableScriptedObjects (7ms)
		BackupInstance (0ms)
		ReleaseScriptingObjects (0ms)
		CreateAndSetChildDomain (44ms)
	RebuildCommonClasses (32ms)
	RebuildNativeTypeToScriptingClass (11ms)
	initialDomainReloadingComplete (28ms)
	LoadAllAssembliesAndSetupDomain (307ms)
		LoadAssemblies (373ms)
		RebuildTransferFunctionScriptingTraits (0ms)
		AnalyzeDomain (21ms)
			TypeCache.Refresh (11ms)
				TypeCache.ScanAssembly (0ms)
			ScanForSourceGeneratedMonoScriptInfo (0ms)
			ResolveRequiredComponents (8ms)
	FinalizeReload (1701ms)
		ReleaseScriptCaches (0ms)
		RebuildScriptCaches (0ms)
		SetupLoadedEditorAssemblies (533ms)
			LogAssemblyErrors (0ms)
			InitializePlatformSupportModulesInManaged (38ms)
			SetLoadedEditorAssemblies (8ms)
			RefreshPlugins (0ms)
			BeforeProcessingInitializeOnLoad (74ms)
			ProcessInitializeOnLoadAttributes (379ms)
			ProcessInitializeOnLoadMethodAttributes (28ms)
			AfterProcessingInitializeOnLoad (6ms)
			EditorAssembliesLoaded (0ms)
		ExecutionOrderSort2 (0ms)
		AwakeInstancesAfterBackupRestoration (7ms)
Refreshing native plugins compatible for Editor in 3.99 ms, found 3 plugins.
Preloading 0 native plugins for Editor in 0.00 ms.
Unloading 3336 Unused Serialized files (Serialized files now loaded: 0)
Unloading 23 unused Assets / (101.7 KB). Loaded Objects now: 3861.
Memory consumption went from 123.7 MB to 123.6 MB.
Total: 8.155700 ms (FindLiveObjects: 1.462100 ms CreateObjectMapping: 0.242900 ms MarkObjects: 5.918500 ms  DeleteObjects: 0.525100 ms)

Prepare: number of updated asset objects reloaded= 0
AssetImportParameters requested are different than current active one (requested -> active):
  custom:container-demuxer-ogg: 62fdf1f143b41e24485cea50d1cbac27 -> 
  custom:video-codec-MediaFoundation-h265: 746d11721c4dcdbdad8f713fa42b33f4 -> 
  custom:video-decoder-ogg-theora: a1e56fd34408186e4bbccfd4996cb3dc -> 
  custom:framework-win-MediaFoundation: 216162199b28c13a410421893ffa2e32 -> 
  custom:CustomObjectIndexerAttribute: 756ad292c208cfabdd7b50bc23989ffe -> 
  custom:container-demuxer-webm: 4f35f7cbe854078d1ac9338744f61a02 -> 
  custom:container-muxer-webm: aa71ff27fc2769a1b78a27578f13a17b -> 
  custom:video-decoder-webm-vp8: 9c59270c3fd7afecdb556c50c9e8de78 -> 
  custom:SearchIndexIgnoredProperties: e643bd26f0fe6173181afceb89e7c659 -> 
  custom:AudioImporter_EditorPlatform: d09bf68614088b80899f8185d706f6e7 -> 
  custom:video-encoder-webm-vp8: eb34c28f22e8b96e1ab97ce403110664 -> 
  custom:audio-decoder-ogg-vorbis: bf7c407c2cedff20999df2af8eb42d56 -> 
  custom:audio-encoder-webm-vorbis: bf7c407c2cedff20999df2af8eb42d56 -> 
