Using pre-set license
Built from '2022.3/staging' branch; Version is '2022.3.8f1 (b5eafc012955) revision 11922172'; Using compiler version '192829333'; Build Type 'Release'
OS: 'Windows 11  (10.0.22621) 64bit CoreSingleLanguage' Language: 'en' Physical Memory: 7599 MB
BatchMode: 1, IsHumanControllingUs: 0, StartBugReporterOnCrash: 0, Is64bit: 1, IsPro: 1

COMMAND LINE ARGUMENTS:
C:\Program Files\Unity\Hub\Editor\2022.3.8f1\Editor\Unity.exe
-adb2
-batchMode
-noUpm
-name
AssetImportWorker1
-projectPath
C:/Users/ASUS/gameunity/Test_Project
-logFile
Logs/AssetImportWorker1.log
-srvPort
56071
Successfully changed project path to: C:/Users/ASUS/gameunity/Test_Project
C:/Users/ASUS/gameunity/Test_Project
[UnityMemory] Configuration Parameters - Can be set up in boot.config
    "memorysetup-bucket-allocator-granularity=16"
    "memorysetup-bucket-allocator-bucket-count=8"
    "memorysetup-bucket-allocator-block-size=33554432"
    "memorysetup-bucket-allocator-block-count=8"
    "memorysetup-main-allocator-block-size=16777216"
    "memorysetup-thread-allocator-block-size=16777216"
    "memorysetup-gfx-main-allocator-block-size=16777216"
    "memorysetup-gfx-thread-allocator-block-size=16777216"
    "memorysetup-cache-allocator-block-size=4194304"
    "memorysetup-typetree-allocator-block-size=2097152"
    "memorysetup-profiler-bucket-allocator-granularity=16"
    "memorysetup-profiler-bucket-allocator-bucket-count=8"
    "memorysetup-profiler-bucket-allocator-block-size=33554432"
    "memorysetup-profiler-bucket-allocator-block-count=8"
    "memorysetup-profiler-allocator-block-size=16777216"
    "memorysetup-profiler-editor-allocator-block-size=1048576"
    "memorysetup-temp-allocator-size-main=16777216"
    "memorysetup-job-temp-allocator-block-size=2097152"
    "memorysetup-job-temp-allocator-block-size-background=1048576"
    "memorysetup-job-temp-allocator-reduction-small-platforms=262144"
    "memorysetup-allocator-temp-initial-block-size-main=262144"
    "memorysetup-allocator-temp-initial-block-size-worker=262144"
    "memorysetup-temp-allocator-size-background-worker=32768"
    "memorysetup-temp-allocator-size-job-worker=262144"
    "memorysetup-temp-allocator-size-preload-manager=33554432"
    "memorysetup-temp-allocator-size-nav-mesh-worker=65536"
    "memorysetup-temp-allocator-size-audio-worker=65536"
    "memorysetup-temp-allocator-size-cloud-worker=32768"
    "memorysetup-temp-allocator-size-gi-baking-worker=262144"
    "memorysetup-temp-allocator-size-gfx=262144"
Player connection [10852] Host "[IP] 192.168.1.16 [Port] 0 [Flags] 2 [Guid] 1602209621 [EditorId] 1602209621 [Version] 1048832 [Id] WindowsEditor(7,LAPTOP-UU5VOIFD) [Debug] 1 [PackageName] WindowsEditor [ProjectName] Editor" joined multi-casting on [225.0.0.222:54997]...

Player connection [10852] Host "[IP] 192.168.1.16 [Port] 0 [Flags] 2 [Guid] 1602209621 [EditorId] 1602209621 [Version] 1048832 [Id] WindowsEditor(7,LAPTOP-UU5VOIFD) [Debug] 1 [PackageName] WindowsEditor [ProjectName] Editor" joined alternative multi-casting on [225.0.0.222:34997]...

[Physics::Module] Initialized MultithreadedJobDispatcher with 15 workers.
Refreshing native plugins compatible for Editor in 6.70 ms, found 3 plugins.
Preloading 0 native plugins for Editor in 0.00 ms.
Initialize engine version: 2022.3.8f1 (b5eafc012955)
[Subsystems] Discovering subsystems at path C:/Program Files/Unity/Hub/Editor/2022.3.8f1/Editor/Data/Resources/UnitySubsystems
[Subsystems] Discovering subsystems at path C:/Users/ASUS/gameunity/Test_Project/Assets
GfxDevice: creating device client; threaded=0; jobified=0
Direct3D:
    Version:  Direct3D 11.0 [level 11.1]
    Renderer: NVIDIA GeForce GTX 1650 (ID=0x1f9d)
    Vendor:   NVIDIA
    VRAM:     3962 MB
    Driver:   30.0.15.1278
Initialize mono
Mono path[0] = 'C:/Program Files/Unity/Hub/Editor/2022.3.8f1/Editor/Data/Managed'
Mono path[1] = 'C:/Program Files/Unity/Hub/Editor/2022.3.8f1/Editor/Data/MonoBleedingEdge/lib/mono/unityjit-win32'
Mono config path = 'C:/Program Files/Unity/Hub/Editor/2022.3.8f1/Editor/Data/MonoBleedingEdge/etc'
Using monoOptions --debugger-agent=transport=dt_socket,embedding=1,server=y,suspend=n,address=127.0.0.1:56276
Begin MonoManager ReloadAssembly
Registering precompiled unity dll's ...
Register platform support module: C:/Program Files/Unity/Hub/Editor/2022.3.8f1/Editor/Data/PlaybackEngines/WebGLSupport/UnityEditor.WebGL.Extensions.dll
Register platform support module: C:/Program Files/Unity/Hub/Editor/2022.3.8f1/Editor/Data/PlaybackEngines/AndroidPlayer/UnityEditor.Android.Extensions.dll
Register platform support module: C:/Program Files/Unity/Hub/Editor/2022.3.8f1/Editor/Data/PlaybackEngines/WindowsStandaloneSupport/UnityEditor.WindowsStandalone.Extensions.dll
Registered in 0.008823 seconds.
- Loaded All Assemblies, in  0.449 seconds
Native extension for WindowsStandalone target not found
Native extension for Android target not found
Android Extension - Scanning For ADB Devices 253 ms
Native extension for WebGL target not found
Mono: successfully reloaded assembly
- Finished resetting the current domain, in  0.607 seconds
Domain Reload Profiling: 1056ms
	BeginReloadAssembly (148ms)
		ExecutionOrderSort (0ms)
		DisableScriptedObjects (0ms)
		BackupInstance (0ms)
		ReleaseScriptingObjects (0ms)
		CreateAndSetChildDomain (1ms)
	RebuildCommonClasses (38ms)
	RebuildNativeTypeToScriptingClass (11ms)
	initialDomainReloadingComplete (67ms)
	LoadAllAssembliesAndSetupDomain (185ms)
		LoadAssemblies (146ms)
		RebuildTransferFunctionScriptingTraits (0ms)
		AnalyzeDomain (181ms)
			TypeCache.Refresh (179ms)
				TypeCache.ScanAssembly (161ms)
			ScanForSourceGeneratedMonoScriptInfo (0ms)
			ResolveRequiredComponents (0ms)
	FinalizeReload (608ms)
		ReleaseScriptCaches (0ms)
		RebuildScriptCaches (0ms)
		SetupLoadedEditorAssemblies (541ms)
			LogAssemblyErrors (0ms)
			InitializePlatformSupportModulesInManaged (377ms)
			SetLoadedEditorAssemblies (5ms)
			RefreshPlugins (0ms)
			BeforeProcessingInitializeOnLoad (2ms)
			ProcessInitializeOnLoadAttributes (109ms)
			ProcessInitializeOnLoadMethodAttributes (48ms)
			AfterProcessingInitializeOnLoad (0ms)
			EditorAssembliesLoaded (0ms)
		ExecutionOrderSort2 (0ms)
		AwakeInstancesAfterBackupRestoration (0ms)
========================================================================
Worker process is ready to serve import requests
Begin MonoManager ReloadAssembly
- Loaded All Assemblies, in  0.841 seconds
Refreshing native plugins compatible for Editor in 2.32 ms, found 3 plugins.
Native extension for WindowsStandalone target not found
Native extension for Android target not found
Native extension for WebGL target not found
Package Manager log level set to [2]
[Package Manager] Server::EnsureServerProcessIsRunning -- launch failed, reason: Unity was launched with the -noUpm command-line argument
[Package Manager] UpmClient::Send -- Unable to send message (not connected to UPM process).
[Package Manager] Cannot connect to Unity Package Manager local server
Mono: successfully reloaded assembly
- Finished resetting the current domain, in  0.701 seconds
Domain Reload Profiling: 1541ms
	BeginReloadAssembly (176ms)
		ExecutionOrderSort (0ms)
		DisableScriptedObjects (5ms)
		BackupInstance (0ms)
		ReleaseScriptingObjects (0ms)
		CreateAndSetChildDomain (38ms)
	RebuildCommonClasses (41ms)
	RebuildNativeTypeToScriptingClass (12ms)
	initialDomainReloadingComplete (50ms)
	LoadAllAssembliesAndSetupDomain (560ms)
		LoadAssemblies (411ms)
		RebuildTransferFunctionScriptingTraits (0ms)
		AnalyzeDomain (243ms)
			TypeCache.Refresh (218ms)
				TypeCache.ScanAssembly (196ms)
			ScanForSourceGeneratedMonoScriptInfo (18ms)
			ResolveRequiredComponents (5ms)
	FinalizeReload (701ms)
		ReleaseScriptCaches (0ms)
		RebuildScriptCaches (0ms)
		SetupLoadedEditorAssemblies (510ms)
			LogAssemblyErrors (0ms)
			InitializePlatformSupportModulesInManaged (31ms)
			SetLoadedEditorAssemblies (6ms)
			RefreshPlugins (0ms)
			BeforeProcessingInitializeOnLoad (65ms)
			ProcessInitializeOnLoadAttributes (369ms)
			ProcessInitializeOnLoadMethodAttributes (33ms)
			AfterProcessingInitializeOnLoad (6ms)
			EditorAssembliesLoaded (0ms)
		ExecutionOrderSort2 (0ms)
		AwakeInstancesAfterBackupRestoration (6ms)
Launched and connected shader compiler UnityShaderCompiler.exe after 0.06 seconds
Refreshing native plugins compatible for Editor in 2.41 ms, found 3 plugins.
Preloading 0 native plugins for Editor in 0.00 ms.
Unloading 3346 Unused Serialized files (Serialized files now loaded: 0)
Unloading 48 unused Assets / (129.7 KB). Loaded Objects now: 3818.
Memory consumption went from 125.8 MB to 125.7 MB.
Total: 4.311500 ms (FindLiveObjects: 0.552400 ms CreateObjectMapping: 0.111100 ms MarkObjects: 3.441900 ms  DeleteObjects: 0.203500 ms)

AssetImportParameters requested are different than current active one (requested -> active):
  custom:container-demuxer-ogg: 62fdf1f143b41e24485cea50d1cbac27 -> 
  custom:video-codec-MediaFoundation-h265: 746d11721c4dcdbdad8f713fa42b33f4 -> 
  custom:video-decoder-ogg-theora: a1e56fd34408186e4bbccfd4996cb3dc -> 
  custom:framework-win-MediaFoundation: 216162199b28c13a410421893ffa2e32 -> 
  custom:CustomObjectIndexerAttribute: 756ad292c208cfabdd7b50bc23989ffe -> 
  custom:container-demuxer-webm: 4f35f7cbe854078d1ac9338744f61a02 -> 
  custom:container-muxer-webm: aa71ff27fc2769a1b78a27578f13a17b -> 
  custom:video-decoder-webm-vp8: 9c59270c3fd7afecdb556c50c9e8de78 -> 
  custom:SearchIndexIgnoredProperties: e643bd26f0fe6173181afceb89e7c659 -> 
  custom:AudioImporter_EditorPlatform: d09bf68614088b80899f8185d706f6e7 -> 
  custom:video-encoder-webm-vp8: eb34c28f22e8b96e1ab97ce403110664 -> 
  custom:audio-decoder-ogg-vorbis: bf7c407c2cedff20999df2af8eb42d56 -> 
  custom:audio-encoder-webm-vorbis: bf7c407c2cedff20999df2af8eb42d56 -> 
========================================================================
Received Prepare
Begin MonoManager ReloadAssembly
- Loaded All Assemblies, in  0.565 seconds
Refreshing native plugins compatible for Editor in 2.30 ms, found 3 plugins.
Native extension for WindowsStandalone target not found
Native extension for Android target not found
Native extension for WebGL target not found
[Package Manager] Server::EnsureServerProcessIsRunning -- launch failed, reason: Unity was launched with the -noUpm command-line argument
[Package Manager] UpmClient::Send -- Unable to send message (not connected to UPM process).
[Package Manager] Cannot connect to Unity Package Manager local server
Mono: successfully reloaded assembly
- Finished resetting the current domain, in  1.359 seconds
Domain Reload Profiling: 1922ms
	BeginReloadAssembly (185ms)
		ExecutionOrderSort (0ms)
		DisableScriptedObjects (7ms)
		BackupInstance (0ms)
		ReleaseScriptingObjects (1ms)
		CreateAndSetChildDomain (52ms)
	RebuildCommonClasses (44ms)
	RebuildNativeTypeToScriptingClass (11ms)
	initialDomainReloadingComplete (38ms)
	LoadAllAssembliesAndSetupDomain (285ms)
		LoadAssemblies (352ms)
		RebuildTransferFunctionScriptingTraits (0ms)
		AnalyzeDomain (26ms)
			TypeCache.Refresh (11ms)
				TypeCache.ScanAssembly (0ms)
			ScanForSourceGeneratedMonoScriptInfo (8ms)
			ResolveRequiredComponents (5ms)
	FinalizeReload (1359ms)
		ReleaseScriptCaches (0ms)
		RebuildScriptCaches (0ms)
		SetupLoadedEditorAssemblies (428ms)
			LogAssemblyErrors (0ms)
			InitializePlatformSupportModulesInManaged (29ms)
			SetLoadedEditorAssemblies (4ms)
			RefreshPlugins (0ms)
			BeforeProcessingInitializeOnLoad (63ms)
			ProcessInitializeOnLoadAttributes (294ms)
			ProcessInitializeOnLoadMethodAttributes (30ms)
			AfterProcessingInitializeOnLoad (7ms)
			EditorAssembliesLoaded (0ms)
		ExecutionOrderSort2 (0ms)
		AwakeInstancesAfterBackupRestoration (5ms)
Refreshing native plugins compatible for Editor in 2.51 ms, found 3 plugins.
Preloading 0 native plugins for Editor in 0.00 ms.
Unloading 3337 Unused Serialized files (Serialized files now loaded: 0)
Unloading 23 unused Assets / (101.7 KB). Loaded Objects now: 3833.
Memory consumption went from 123.8 MB to 123.7 MB.
Total: 4.294100 ms (FindLiveObjects: 0.435100 ms CreateObjectMapping: 0.137800 ms MarkObjects: 3.628300 ms  DeleteObjects: 0.089600 ms)

Prepare: number of updated asset objects reloaded= 0
AssetImportParameters requested are different than current active one (requested -> active):
  custom:container-demuxer-ogg: 62fdf1f143b41e24485cea50d1cbac27 -> 
  custom:video-codec-MediaFoundation-h265: 746d11721c4dcdbdad8f713fa42b33f4 -> 
  custom:video-decoder-ogg-theora: a1e56fd34408186e4bbccfd4996cb3dc -> 
  custom:framework-win-MediaFoundation: 216162199b28c13a410421893ffa2e32 -> 
  custom:CustomObjectIndexerAttribute: 756ad292c208cfabdd7b50bc23989ffe -> 
  custom:container-demuxer-webm: 4f35f7cbe854078d1ac9338744f61a02 -> 
  custom:container-muxer-webm: aa71ff27fc2769a1b78a27578f13a17b -> 
  custom:video-decoder-webm-vp8: 9c59270c3fd7afecdb556c50c9e8de78 -> 
  custom:SearchIndexIgnoredProperties: e643bd26f0fe6173181afceb89e7c659 -> 
  custom:AudioImporter_EditorPlatform: d09bf68614088b80899f8185d706f6e7 -> 
  custom:video-encoder-webm-vp8: eb34c28f22e8b96e1ab97ce403110664 -> 
  custom:audio-decoder-ogg-vorbis: bf7c407c2cedff20999df2af8eb42d56 -> 
  custom:audio-encoder-webm-vorbis: bf7c407c2cedff20999df2af8eb42d56 -> 
========================================================================
Received Prepare
Begin MonoManager ReloadAssembly
- Loaded All Assemblies, in  0.523 seconds
Refreshing native plugins compatible for Editor in 2.94 ms, found 3 plugins.
Native extension for WindowsStandalone target not found
Native extension for Android target not found
Native extension for WebGL target not found
[Package Manager] Server::EnsureServerProcessIsRunning -- launch failed, reason: Unity was launched with the -noUpm command-line argument
[Package Manager] UpmClient::Send -- Unable to send message (not connected to UPM process).
[Package Manager] Cannot connect to Unity Package Manager local server
Mono: successfully reloaded assembly
- Finished resetting the current domain, in  0.914 seconds
Domain Reload Profiling: 1434ms
	BeginReloadAssembly (176ms)
		ExecutionOrderSort (0ms)
		DisableScriptedObjects (6ms)
		BackupInstance (0ms)
		ReleaseScriptingObjects (0ms)
		CreateAndSetChildDomain (39ms)
	RebuildCommonClasses (36ms)
	RebuildNativeTypeToScriptingClass (11ms)
	initialDomainReloadingComplete (36ms)
	LoadAllAssembliesAndSetupDomain (260ms)
		LoadAssemblies (343ms)
		RebuildTransferFunctionScriptingTraits (0ms)
		AnalyzeDomain (16ms)
			TypeCache.Refresh (9ms)
				TypeCache.ScanAssembly (0ms)
			ScanForSourceGeneratedMonoScriptInfo (0ms)
			ResolveRequiredComponents (6ms)
	FinalizeReload (914ms)
		ReleaseScriptCaches (0ms)
		RebuildScriptCaches (0ms)
		SetupLoadedEditorAssemblies (452ms)
			LogAssemblyErrors (0ms)
			InitializePlatformSupportModulesInManaged (26ms)
			SetLoadedEditorAssemblies (6ms)
			RefreshPlugins (0ms)
			BeforeProcessingInitializeOnLoad (65ms)
			ProcessInitializeOnLoadAttributes (321ms)
			ProcessInitializeOnLoadMethodAttributes (27ms)
			AfterProcessingInitializeOnLoad (7ms)
			EditorAssembliesLoaded (0ms)
		ExecutionOrderSort2 (0ms)
		AwakeInstancesAfterBackupRestoration (7ms)
Refreshing native plugins compatible for Editor in 3.82 ms, found 3 plugins.
Preloading 0 native plugins for Editor in 0.00 ms.
Unloading 3337 Unused Serialized files (Serialized files now loaded: 0)
Unloading 23 unused Assets / (101.9 KB). Loaded Objects now: 3848.
Memory consumption went from 123.9 MB to 123.8 MB.
Total: 6.399100 ms (FindLiveObjects: 0.709900 ms CreateObjectMapping: 0.254400 ms MarkObjects: 5.277500 ms  DeleteObjects: 0.153000 ms)

Prepare: number of updated asset objects reloaded= 0
AssetImportParameters requested are different than current active one (requested -> active):
  custom:container-demuxer-ogg: 62fdf1f143b41e24485cea50d1cbac27 -> 
  custom:video-codec-MediaFoundation-h265: 746d11721c4dcdbdad8f713fa42b33f4 -> 
  custom:video-decoder-ogg-theora: a1e56fd34408186e4bbccfd4996cb3dc -> 
  custom:framework-win-MediaFoundation: 216162199b28c13a410421893ffa2e32 -> 
  custom:CustomObjectIndexerAttribute: 756ad292c208cfabdd7b50bc23989ffe -> 
  custom:container-demuxer-webm: 4f35f7cbe854078d1ac9338744f61a02 -> 
  custom:container-muxer-webm: aa71ff27fc2769a1b78a27578f13a17b -> 
  custom:video-decoder-webm-vp8: 9c59270c3fd7afecdb556c50c9e8de78 -> 
  custom:SearchIndexIgnoredProperties: e643bd26f0fe6173181afceb89e7c659 -> 
  custom:AudioImporter_EditorPlatform: d09bf68614088b80899f8185d706f6e7 -> 
  custom:video-encoder-webm-vp8: eb34c28f22e8b96e1ab97ce403110664 -> 
  custom:audio-decoder-ogg-vorbis: bf7c407c2cedff20999df2af8eb42d56 -> 
  custom:audio-encoder-webm-vorbis: bf7c407c2cedff20999df2af8eb42d56 -> 
========================================================================
Received Prepare
Begin MonoManager ReloadAssembly
- Loaded All Assemblies, in  0.549 seconds
Refreshing native plugins compatible for Editor in 2.32 ms, found 3 plugins.
Native extension for WindowsStandalone target not found
Native extension for Android target not found
Native extension for WebGL target not found
[Package Manager] Server::EnsureServerProcessIsRunning -- launch failed, reason: Unity was launched with the -noUpm command-line argument
[Package Manager] UpmClient::Send -- Unable to send message (not connected to UPM process).
[Package Manager] Cannot connect to Unity Package Manager local server
Mono: successfully reloaded assembly
- Finished resetting the current domain, in  0.826 seconds
Domain Reload Profiling: 1372ms
	BeginReloadAssembly (171ms)
		ExecutionOrderSort (0ms)
		DisableScriptedObjects (6ms)
		BackupInstance (0ms)
		ReleaseScriptingObjects (0ms)
		CreateAndSetChildDomain (46ms)
	RebuildCommonClasses (36ms)
	RebuildNativeTypeToScriptingClass (11ms)
	initialDomainReloadingComplete (27ms)
	LoadAllAssembliesAndSetupDomain (300ms)
		LoadAssemblies (364ms)
		RebuildTransferFunctionScriptingTraits (0ms)
		AnalyzeDomain (25ms)
			TypeCache.Refresh (12ms)
				TypeCache.ScanAssembly (0ms)
			ScanForSourceGeneratedMonoScriptInfo (7ms)
			ResolveRequiredComponents (5ms)
	FinalizeReload (827ms)
		ReleaseScriptCaches (0ms)
		RebuildScriptCaches (0ms)
		SetupLoadedEditorAssemblies (372ms)
			LogAssemblyErrors (0ms)
			InitializePlatformSupportModulesInManaged (23ms)
			SetLoadedEditorAssemblies (5ms)
			RefreshPlugins (0ms)
			BeforeProcessingInitializeOnLoad (58ms)
			ProcessInitializeOnLoadAttributes (258ms)
			ProcessInitializeOnLoadMethodAttributes (21ms)
			AfterProcessingInitializeOnLoad (7ms)
			EditorAssembliesLoaded (0ms)
		ExecutionOrderSort2 (0ms)
		AwakeInstancesAfterBackupRestoration (6ms)
Refreshing native plugins compatible for Editor in 2.17 ms, found 3 plugins.
Preloading 0 native plugins for Editor in 0.00 ms.
Unloading 3337 Unused Serialized files (Serialized files now loaded: 0)
Unloading 23 unused Assets / (101.8 KB). Loaded Objects now: 3863.
Memory consumption went from 123.9 MB to 123.8 MB.
Total: 3.576600 ms (FindLiveObjects: 0.410700 ms CreateObjectMapping: 0.109000 ms MarkObjects: 2.937800 ms  DeleteObjects: 0.114900 ms)

Prepare: number of updated asset objects reloaded= 0
AssetImportParameters requested are different than current active one (requested -> active):
  custom:container-demuxer-ogg: 62fdf1f143b41e24485cea50d1cbac27 -> 
  custom:video-codec-MediaFoundation-h265: 746d11721c4dcdbdad8f713fa42b33f4 -> 
  custom:video-decoder-ogg-theora: a1e56fd34408186e4bbccfd4996cb3dc -> 
  custom:framework-win-MediaFoundation: 216162199b28c13a410421893ffa2e32 -> 
  custom:CustomObjectIndexerAttribute: 756ad292c208cfabdd7b50bc23989ffe -> 
  custom:container-demuxer-webm: 4f35f7cbe854078d1ac9338744f61a02 -> 
  custom:container-muxer-webm: aa71ff27fc2769a1b78a27578f13a17b -> 
  custom:video-decoder-webm-vp8: 9c59270c3fd7afecdb556c50c9e8de78 -> 
  custom:SearchIndexIgnoredProperties: e643bd26f0fe6173181afceb89e7c659 -> 
  custom:AudioImporter_EditorPlatform: d09bf68614088b80899f8185d706f6e7 -> 
  custom:video-encoder-webm-vp8: eb34c28f22e8b96e1ab97ce403110664 -> 
  custom:audio-decoder-ogg-vorbis: bf7c407c2cedff20999df2af8eb42d56 -> 
  custom:audio-encoder-webm-vorbis: bf7c407c2cedff20999df2af8eb42d56 -> 
========================================================================
Received Import Request.
  Time since last request: 1107599.537417 seconds.
  path: Assets/Asset3D/Asset/Internship_BT1_StackMaker/_MazeMakerAssets/Texture2D/fangkuai.png
  artifactKey: Guid(f7b4a1597aa2529499c3cf3eb7ebc7e6) Importer(815301076,1909f56bfc062723c751e8b465ee728b)
Start importing Assets/Asset3D/Asset/Internship_BT1_StackMaker/_MazeMakerAssets/Texture2D/fangkuai.png using Guid(f7b4a1597aa2529499c3cf3eb7ebc7e6) Importer(815301076,1909f56bfc062723c751e8b465ee728b)  -> (artifact id: 'cc78675140b6200290685479725a5aa7') in 0.071179 seconds
Number of updated asset objects reloaded before import = 0
Number of asset objects unloaded after import = 2
========================================================================
Received Import Request.
  Time since last request: 0.000066 seconds.
  path: Assets/Asset3D/Asset/Internship_BT1_StackMaker/_MazeMakerAssets/Texture2D/fb.png
  artifactKey: Guid(264395f3392f669458020465f443fd7b) Importer(815301076,1909f56bfc062723c751e8b465ee728b)
Start importing Assets/Asset3D/Asset/Internship_BT1_StackMaker/_MazeMakerAssets/Texture2D/fb.png using Guid(264395f3392f669458020465f443fd7b) Importer(815301076,1909f56bfc062723c751e8b465ee728b)  -> (artifact id: '86d0a5356cbb1867df9b42623e38ee71') in 0.064037 seconds
Number of updated asset objects reloaded before import = 0
Number of asset objects unloaded after import = 3
========================================================================
Received Import Request.
  Time since last request: 0.000203 seconds.
  path: Assets/Asset3D/Asset/Internship_BT1_StackMaker/_MazeMakerAssets/Texture2D/feedback.png
  artifactKey: Guid(959f329ffedbd784bbe6ba3b8b885b61) Importer(815301076,1909f56bfc062723c751e8b465ee728b)
Start importing Assets/Asset3D/Asset/Internship_BT1_StackMaker/_MazeMakerAssets/Texture2D/feedback.png using Guid(959f329ffedbd784bbe6ba3b8b885b61) Importer(815301076,1909f56bfc062723c751e8b465ee728b)  -> (artifact id: '5c0d78fdbdce2b608ae688adc78726f7') in 0.025298 seconds
Number of updated asset objects reloaded before import = 0
Number of asset objects unloaded after import = 3
========================================================================
Received Import Request.
  Time since last request: 0.375801 seconds.
  path: Assets/Asset3D/Asset/Internship_BT1_StackMaker/_MazeMakerAssets/Texture2D/getmore2.png
  artifactKey: Guid(a6cfb0e83e694504596b4f7265279e8b) Importer(815301076,1909f56bfc062723c751e8b465ee728b)
Start importing Assets/Asset3D/Asset/Internship_BT1_StackMaker/_MazeMakerAssets/Texture2D/getmore2.png using Guid(a6cfb0e83e694504596b4f7265279e8b) Importer(815301076,1909f56bfc062723c751e8b465ee728b)  -> (artifact id: 'b8a1b7e6005b2d3cc2bf9539254cd868') in 0.019523 seconds
Number of updated asset objects reloaded before import = 0
Number of asset objects unloaded after import = 3
========================================================================
Received Import Request.
  Time since last request: 0.441375 seconds.
  path: Assets/Asset3D/Asset/Internship_BT1_StackMaker/_MazeMakerAssets/Texture2D/gou.png
  artifactKey: Guid(dc1ae0bd87a9a3c4c9c1b9650849bd28) Importer(815301076,1909f56bfc062723c751e8b465ee728b)
Start importing Assets/Asset3D/Asset/Internship_BT1_StackMaker/_MazeMakerAssets/Texture2D/gou.png using Guid(dc1ae0bd87a9a3c4c9c1b9650849bd28) Importer(815301076,1909f56bfc062723c751e8b465ee728b)  -> (artifact id: 'dfe456b13a87f981e8af4d1a5bfe31eb') in 0.021026 seconds
Number of updated asset objects reloaded before import = 0
Number of asset objects unloaded after import = 3
========================================================================
Received Import Request.
  Time since last request: 1.200766 seconds.
  path: Assets/Asset3D/Asset/Internship_BT1_StackMaker/_MazeMakerAssets/Texture2D/gs14.png
  artifactKey: Guid(f53bb301d6e7d73408bcb140dcce4389) Importer(815301076,1909f56bfc062723c751e8b465ee728b)
Start importing Assets/Asset3D/Asset/Internship_BT1_StackMaker/_MazeMakerAssets/Texture2D/gs14.png using Guid(f53bb301d6e7d73408bcb140dcce4389) Importer(815301076,1909f56bfc062723c751e8b465ee728b)  -> (artifact id: '5bbf084789b61f8c1792801d23558533') in 0.011995 seconds
Number of updated asset objects reloaded before import = 0
Number of asset objects unloaded after import = 2
========================================================================
Received Import Request.
  Time since last request: 0.000023 seconds.
  path: Assets/Asset3D/Asset/Internship_BT1_StackMaker/_MazeMakerAssets/Texture2D/guanbi.png
  artifactKey: Guid(08fc88905442d0849a2980e83e88ce03) Importer(815301076,1909f56bfc062723c751e8b465ee728b)
Start importing Assets/Asset3D/Asset/Internship_BT1_StackMaker/_MazeMakerAssets/Texture2D/guanbi.png using Guid(08fc88905442d0849a2980e83e88ce03) Importer(815301076,1909f56bfc062723c751e8b465ee728b)  -> (artifact id: '6869db415a6ca3463d0390bddb8911cc') in 0.017694 seconds
Number of updated asset objects reloaded before import = 0
Number of asset objects unloaded after import = 3
========================================================================
Received Import Request.
  Time since last request: 0.046840 seconds.
  path: Assets/Asset3D/Asset/Internship_BT1_StackMaker/_MazeMakerAssets/Texture2D/guanbi_1.png
  artifactKey: Guid(bc4b68087f8ac2741baa3eead1d1140c) Importer(815301076,1909f56bfc062723c751e8b465ee728b)
Start importing Assets/Asset3D/Asset/Internship_BT1_StackMaker/_MazeMakerAssets/Texture2D/guanbi_1.png using Guid(bc4b68087f8ac2741baa3eead1d1140c) Importer(815301076,1909f56bfc062723c751e8b465ee728b)  -> (artifact id: 'bc30629fb659d9c26d97b62f22e70249') in 0.017280 seconds
Number of updated asset objects reloaded before import = 0
Number of asset objects unloaded after import = 3
========================================================================
Received Import Request.
  Time since last request: 0.322706 seconds.
  path: Assets/Asset3D/Asset/Internship_BT1_StackMaker/_MazeMakerAssets/Texture2D/guang2.png
  artifactKey: Guid(136eac143da1a8e42a5ff590057575dc) Importer(815301076,1909f56bfc062723c751e8b465ee728b)
Start importing Assets/Asset3D/Asset/Internship_BT1_StackMaker/_MazeMakerAssets/Texture2D/guang2.png using Guid(136eac143da1a8e42a5ff590057575dc) Importer(815301076,1909f56bfc062723c751e8b465ee728b)  -> (artifact id: 'a106f0757a80f6be0379db1b44366a76') in 0.020164 seconds
Number of updated asset objects reloaded before import = 0
Number of asset objects unloaded after import = 3
========================================================================
Received Import Request.
  Time since last request: 0.138724 seconds.
  path: Assets/Asset3D/Asset/Internship_BT1_StackMaker/_MazeMakerAssets/Texture2D/guodu1.png
  artifactKey: Guid(5e2094e615918784681ce2f6ef60319e) Importer(815301076,1909f56bfc062723c751e8b465ee728b)
Start importing Assets/Asset3D/Asset/Internship_BT1_StackMaker/_MazeMakerAssets/Texture2D/guodu1.png using Guid(5e2094e615918784681ce2f6ef60319e) Importer(815301076,1909f56bfc062723c751e8b465ee728b)  -> (artifact id: 'b54a4c91bcbe30cd4c56207d4b9bf5af') in 0.016298 seconds
Number of updated asset objects reloaded before import = 0
Number of asset objects unloaded after import = 2
========================================================================
Received Import Request.
  Time since last request: 0.429888 seconds.
  path: Assets/Asset3D/Asset/Internship_BT1_StackMaker/_MazeMakerAssets/Texture2D/hong.png
  artifactKey: Guid(ef694fe7a211c5643b8e467aebfde2a5) Importer(815301076,1909f56bfc062723c751e8b465ee728b)
Start importing Assets/Asset3D/Asset/Internship_BT1_StackMaker/_MazeMakerAssets/Texture2D/hong.png using Guid(ef694fe7a211c5643b8e467aebfde2a5) Importer(815301076,1909f56bfc062723c751e8b465ee728b)  -> (artifact id: 'c12017199ee5ea8c45a50e822563bd36') in 0.030703 seconds
Number of updated asset objects reloaded before import = 0
Number of asset objects unloaded after import = 3
========================================================================
Received Import Request.
  Time since last request: 0.080211 seconds.
  path: Assets/Asset3D/Asset/Internship_BT1_StackMaker/_MazeMakerAssets/Texture2D/hui.png
  artifactKey: Guid(d36fb541e6cf200419253d1c3ca60257) Importer(815301076,1909f56bfc062723c751e8b465ee728b)
Start importing Assets/Asset3D/Asset/Internship_BT1_StackMaker/_MazeMakerAssets/Texture2D/hui.png using Guid(d36fb541e6cf200419253d1c3ca60257) Importer(815301076,1909f56bfc062723c751e8b465ee728b)  -> (artifact id: '88e5a6dd7a5bbc762c418b7b8709a4ee') in 0.027965 seconds
Number of updated asset objects reloaded before import = 0
Number of asset objects unloaded after import = 3
========================================================================
Received Import Request.
  Time since last request: 0.000049 seconds.
  path: Assets/Asset3D/Asset/Internship_BT1_StackMaker/_MazeMakerAssets/Texture2D/jdt3.png
  artifactKey: Guid(d4b1fe102b2089944a8a41a17a974bc2) Importer(815301076,1909f56bfc062723c751e8b465ee728b)
Start importing Assets/Asset3D/Asset/Internship_BT1_StackMaker/_MazeMakerAssets/Texture2D/jdt3.png using Guid(d4b1fe102b2089944a8a41a17a974bc2) Importer(815301076,1909f56bfc062723c751e8b465ee728b)  -> (artifact id: 'fa366cd5a5f748d9e37a217b2e9e15ce') in 0.032997 seconds
Number of updated asset objects reloaded before import = 0
Number of asset objects unloaded after import = 3
========================================================================
Received Import Request.
  Time since last request: 0.000044 seconds.
  path: Assets/Asset3D/Asset/Internship_BT1_StackMaker/_MazeMakerAssets/Texture2D/jdt.png
  artifactKey: Guid(9f643ab7003b7fa4097d78b012f58388) Importer(815301076,1909f56bfc062723c751e8b465ee728b)
Start importing Assets/Asset3D/Asset/Internship_BT1_StackMaker/_MazeMakerAssets/Texture2D/jdt.png using Guid(9f643ab7003b7fa4097d78b012f58388) Importer(815301076,1909f56bfc062723c751e8b465ee728b)  -> (artifact id: '9d1043f0d35de4f4aa8f9cd549b2bb98') in 0.026053 seconds
Number of updated asset objects reloaded before import = 0
Number of asset objects unloaded after import = 3
========================================================================
Received Import Request.
  Time since last request: 0.384889 seconds.
  path: Assets/Asset3D/Asset/Internship_BT1_StackMaker/_MazeMakerAssets/Texture2D/jinbi2.png
  artifactKey: Guid(cf9740df4b5671a4c8abf5dc3c1a5da2) Importer(815301076,1909f56bfc062723c751e8b465ee728b)
Start importing Assets/Asset3D/Asset/Internship_BT1_StackMaker/_MazeMakerAssets/Texture2D/jinbi2.png using Guid(cf9740df4b5671a4c8abf5dc3c1a5da2) Importer(815301076,1909f56bfc062723c751e8b465ee728b)  -> (artifact id: '4efbab3590187ab3110843f6fade781c') in 0.021796 seconds
Number of updated asset objects reloaded before import = 0
Number of asset objects unloaded after import = 3
========================================================================
Received Import Request.
  Time since last request: 0.057346 seconds.
  path: Assets/Asset3D/Asset/Internship_BT1_StackMaker/_MazeMakerAssets/Texture2D/jindu 1.png
  artifactKey: Guid(b9ce971a6540e804b976e5eb2f2e574f) Importer(815301076,1909f56bfc062723c751e8b465ee728b)
Start importing Assets/Asset3D/Asset/Internship_BT1_StackMaker/_MazeMakerAssets/Texture2D/jindu 1.png using Guid(b9ce971a6540e804b976e5eb2f2e574f) Importer(815301076,1909f56bfc062723c751e8b465ee728b)  -> (artifact id: '284b730c69c8d2d503abacb3688de8ba') in 0.021664 seconds
Number of updated asset objects reloaded before import = 0
Number of asset objects unloaded after import = 3
========================================================================
Received Import Request.
  Time since last request: 0.000023 seconds.
  path: Assets/Asset3D/Asset/Internship_BT1_StackMaker/_MazeMakerAssets/Texture2D/jindu1.png
  artifactKey: Guid(7ae4bdca45dfa934d825383ae4b45170) Importer(815301076,1909f56bfc062723c751e8b465ee728b)
Start importing Assets/Asset3D/Asset/Internship_BT1_StackMaker/_MazeMakerAssets/Texture2D/jindu1.png using Guid(7ae4bdca45dfa934d825383ae4b45170) Importer(815301076,1909f56bfc062723c751e8b465ee728b)  -> (artifact id: '677365a49b559c59039af00f80cee40e') in 0.022489 seconds
Number of updated asset objects reloaded before import = 0
Number of asset objects unloaded after import = 3
========================================================================
Received Import Request.
  Time since last request: 0.000118 seconds.
  path: Assets/Asset3D/Asset/Internship_BT1_StackMaker/_MazeMakerAssets/Texture2D/jindu2_0.png
  artifactKey: Guid(ae4f1e6c08b9c7a4f8905a8fd37c4068) Importer(815301076,1909f56bfc062723c751e8b465ee728b)
Start importing Assets/Asset3D/Asset/Internship_BT1_StackMaker/_MazeMakerAssets/Texture2D/jindu2_0.png using Guid(ae4f1e6c08b9c7a4f8905a8fd37c4068) Importer(815301076,1909f56bfc062723c751e8b465ee728b)  -> (artifact id: 'f29d6b16be73cee554f5270462e31790') in 0.021341 seconds
Number of updated asset objects reloaded before import = 0
Number of asset objects unloaded after import = 3
========================================================================
Received Import Request.
  Time since last request: 0.397837 seconds.
  path: Assets/Asset3D/Asset/Internship_BT1_StackMaker/_MazeMakerAssets/Texture2D/jindu3_0.png
  artifactKey: Guid(2b19571b249dee84da1cc3ee8f62d459) Importer(815301076,1909f56bfc062723c751e8b465ee728b)
Start importing Assets/Asset3D/Asset/Internship_BT1_StackMaker/_MazeMakerAssets/Texture2D/jindu3_0.png using Guid(2b19571b249dee84da1cc3ee8f62d459) Importer(815301076,1909f56bfc062723c751e8b465ee728b)  -> (artifact id: '2eb0f1a8396ba86c9300c192e6ac94f6') in 0.025741 seconds
Number of updated asset objects reloaded before import = 0
Number of asset objects unloaded after import = 3
========================================================================
Received Import Request.
  Time since last request: 0.000020 seconds.
  path: Assets/Asset3D/Asset/Internship_BT1_StackMaker/_MazeMakerAssets/Texture2D/jindutiao1.png
  artifactKey: Guid(29556827287a5fc419dcd113c2f9395c) Importer(815301076,1909f56bfc062723c751e8b465ee728b)
Start importing Assets/Asset3D/Asset/Internship_BT1_StackMaker/_MazeMakerAssets/Texture2D/jindutiao1.png using Guid(29556827287a5fc419dcd113c2f9395c) Importer(815301076,1909f56bfc062723c751e8b465ee728b)  -> (artifact id: '9272af30722057dc0047ef0fe623715a') in 0.018340 seconds
Number of updated asset objects reloaded before import = 0
Number of asset objects unloaded after import = 3
========================================================================
Received Import Request.
  Time since last request: 0.015804 seconds.
  path: Assets/Asset3D/Asset/Internship_BT1_StackMaker/_MazeMakerAssets/Texture2D/jishi.png
  artifactKey: Guid(3814206ffe0528549aca209897f96efc) Importer(815301076,1909f56bfc062723c751e8b465ee728b)
Start importing Assets/Asset3D/Asset/Internship_BT1_StackMaker/_MazeMakerAssets/Texture2D/jishi.png using Guid(3814206ffe0528549aca209897f96efc) Importer(815301076,1909f56bfc062723c751e8b465ee728b)  -> (artifact id: 'e735652a30827797b95c02acfaf72e34') in 0.021208 seconds
Number of updated asset objects reloaded before import = 0
Number of asset objects unloaded after import = 3
========================================================================
Received Import Request.
  Time since last request: 0.039281 seconds.
  path: Assets/Asset3D/Asset/Internship_BT1_StackMaker/_MazeMakerAssets/Texture2D/kuang1.png
  artifactKey: Guid(7e3df64c4301a2a4c88d2d895c2d741b) Importer(815301076,1909f56bfc062723c751e8b465ee728b)
Start importing Assets/Asset3D/Asset/Internship_BT1_StackMaker/_MazeMakerAssets/Texture2D/kuang1.png using Guid(7e3df64c4301a2a4c88d2d895c2d741b) Importer(815301076,1909f56bfc062723c751e8b465ee728b)  -> (artifact id: '3c377f0ada60e975f5245ca32ec2a8de') in 0.023250 seconds
Number of updated asset objects reloaded before import = 0
Number of asset objects unloaded after import = 3
========================================================================
Received Import Request.
  Time since last request: 0.093648 seconds.
  path: Assets/Asset3D/Asset/Internship_BT1_StackMaker/_MazeMakerAssets/Texture2D/light07.png
  artifactKey: Guid(32922370fa613bb4fa7351a0e2d4ab3a) Importer(815301076,1909f56bfc062723c751e8b465ee728b)
Start importing Assets/Asset3D/Asset/Internship_BT1_StackMaker/_MazeMakerAssets/Texture2D/light07.png using Guid(32922370fa613bb4fa7351a0e2d4ab3a) Importer(815301076,1909f56bfc062723c751e8b465ee728b)  -> (artifact id: '63f16d91cc320c373c07dfc61b6e9da6') in 0.021215 seconds
Number of updated asset objects reloaded before import = 0
Number of asset objects unloaded after import = 2
========================================================================
Received Import Request.
  Time since last request: 0.460296 seconds.
  path: Assets/Asset3D/Asset/Internship_BT1_StackMaker/_MazeMakerAssets/Texture2D/liuguang02.png
  artifactKey: Guid(d7aa19c967da42e41968103090ad7d5f) Importer(815301076,1909f56bfc062723c751e8b465ee728b)
Start importing Assets/Asset3D/Asset/Internship_BT1_StackMaker/_MazeMakerAssets/Texture2D/liuguang02.png using Guid(d7aa19c967da42e41968103090ad7d5f) Importer(815301076,1909f56bfc062723c751e8b465ee728b)  -> (artifact id: '6dff51ef91abcb7e8d7ecb5909590016') in 0.016231 seconds
Number of updated asset objects reloaded before import = 0
Number of asset objects unloaded after import = 2
========================================================================
Received Import Request.
  Time since last request: 0.028984 seconds.
  path: Assets/Asset3D/Asset/Internship_BT1_StackMaker/_MazeMakerAssets/Texture2D/Main.png
  artifactKey: Guid(60820bf4ca3ba63468495dc238475197) Importer(815301076,1909f56bfc062723c751e8b465ee728b)
Start importing Assets/Asset3D/Asset/Internship_BT1_StackMaker/_MazeMakerAssets/Texture2D/Main.png using Guid(60820bf4ca3ba63468495dc238475197) Importer(815301076,1909f56bfc062723c751e8b465ee728b)  -> (artifact id: '2dc97a8627f307e31a6a58d085fee5c7') in 0.091109 seconds
Number of updated asset objects reloaded before import = 0
Number of asset objects unloaded after import = 2
========================================================================
Received Import Request.
  Time since last request: 0.000034 seconds.
  path: Assets/Asset3D/Asset/Internship_BT1_StackMaker/_MazeMakerAssets/Texture2D/ok.png
  artifactKey: Guid(59c1895fd822fa343b7b0bebe37def1b) Importer(815301076,1909f56bfc062723c751e8b465ee728b)
Start importing Assets/Asset3D/Asset/Internship_BT1_StackMaker/_MazeMakerAssets/Texture2D/ok.png using Guid(59c1895fd822fa343b7b0bebe37def1b) Importer(815301076,1909f56bfc062723c751e8b465ee728b)  -> (artifact id: 'cdd82e4408196e01fff899d7083d9f94') in 0.018384 seconds
Number of updated asset objects reloaded before import = 0
Number of asset objects unloaded after import = 3
========================================================================
Received Import Request.
  Time since last request: 0.021129 seconds.
  path: Assets/Asset3D/Asset/Internship_BT1_StackMaker/_MazeMakerAssets/Texture2D/qidian.png
  artifactKey: Guid(fcf3d86884100964eba6956f154e6899) Importer(815301076,1909f56bfc062723c751e8b465ee728b)
Start importing Assets/Asset3D/Asset/Internship_BT1_StackMaker/_MazeMakerAssets/Texture2D/qidian.png using Guid(fcf3d86884100964eba6956f154e6899) Importer(815301076,1909f56bfc062723c751e8b465ee728b)  -> (artifact id: '917d9c9cdf77e082f1485697844235a2') in 0.014267 seconds
Number of updated asset objects reloaded before import = 0
Number of asset objects unloaded after import = 2
========================================================================
Received Import Request.
  Time since last request: 0.430932 seconds.
  path: Assets/Asset3D/Asset/Internship_BT1_StackMaker/_MazeMakerAssets/Texture2D/s.png
  artifactKey: Guid(3d79d01b976a68a46adb9ffafbba2817) Importer(815301076,1909f56bfc062723c751e8b465ee728b)
Start importing Assets/Asset3D/Asset/Internship_BT1_StackMaker/_MazeMakerAssets/Texture2D/s.png using Guid(3d79d01b976a68a46adb9ffafbba2817) Importer(815301076,1909f56bfc062723c751e8b465ee728b)  -> (artifact id: 'd423670a8fa260a8e0234c7af20b0fc6') in 0.015845 seconds
Number of updated asset objects reloaded before import = 0
Number of asset objects unloaded after import = 3
========================================================================
Received Import Request.
  Time since last request: 0.036506 seconds.
  path: Assets/Asset3D/Asset/Internship_BT1_StackMaker/_MazeMakerAssets/Texture2D/shengyin2.png
  artifactKey: Guid(d64cbd30beb65a34aa0c17bae56e3510) Importer(815301076,1909f56bfc062723c751e8b465ee728b)
Start importing Assets/Asset3D/Asset/Internship_BT1_StackMaker/_MazeMakerAssets/Texture2D/shengyin2.png using Guid(d64cbd30beb65a34aa0c17bae56e3510) Importer(815301076,1909f56bfc062723c751e8b465ee728b)  -> (artifact id: '51d495969716cc9db732e9a09d286bc6') in 0.023253 seconds
Number of updated asset objects reloaded before import = 0
Number of asset objects unloaded after import = 3
========================================================================
Received Import Request.
  Time since last request: 0.022666 seconds.
  path: Assets/Asset3D/Asset/Internship_BT1_StackMaker/_MazeMakerAssets/Texture2D/shuaguang.png
  artifactKey: Guid(db86d882156b836449e7b7dfc6796d1a) Importer(815301076,1909f56bfc062723c751e8b465ee728b)
Start importing Assets/Asset3D/Asset/Internship_BT1_StackMaker/_MazeMakerAssets/Texture2D/shuaguang.png using Guid(db86d882156b836449e7b7dfc6796d1a) Importer(815301076,1909f56bfc062723c751e8b465ee728b)  -> (artifact id: '2fc1fa87ad874b82665238b2dfd358df') in 0.013916 seconds
Number of updated asset objects reloaded before import = 0
Number of asset objects unloaded after import = 2
========================================================================
Received Import Request.
  Time since last request: 0.376955 seconds.
  path: Assets/Asset3D/Asset/Internship_BT1_StackMaker/_MazeMakerAssets/Texture2D/shuzi.png
  artifactKey: Guid(2798f57e22243c44cb3e2de1d2503521) Importer(815301076,1909f56bfc062723c751e8b465ee728b)
Start importing Assets/Asset3D/Asset/Internship_BT1_StackMaker/_MazeMakerAssets/Texture2D/shuzi.png using Guid(2798f57e22243c44cb3e2de1d2503521) Importer(815301076,1909f56bfc062723c751e8b465ee728b)  -> (artifact id: '9adc58843f3e7d89c5959b520743e8fd') in 0.017820 seconds
Number of updated asset objects reloaded before import = 0
Number of asset objects unloaded after import = 2
========================================================================
Received Import Request.
  Time since last request: 0.033142 seconds.
  path: Assets/Asset3D/Asset/Internship_BT1_StackMaker/_MazeMakerAssets/Texture2D/Smoke_02.png
  artifactKey: Guid(8cb05dff3d4ec8a429409e696f7b2387) Importer(815301076,1909f56bfc062723c751e8b465ee728b)
Start importing Assets/Asset3D/Asset/Internship_BT1_StackMaker/_MazeMakerAssets/Texture2D/Smoke_02.png using Guid(8cb05dff3d4ec8a429409e696f7b2387) Importer(815301076,1909f56bfc062723c751e8b465ee728b)  -> (artifact id: '3b62ef9b8ba3d8b50b8f854001d29904') in 0.018059 seconds
Number of updated asset objects reloaded before import = 0
Number of asset objects unloaded after import = 2
========================================================================
Received Import Request.
  Time since last request: 0.000068 seconds.
  path: Assets/Asset3D/Asset/Internship_BT1_StackMaker/_MazeMakerAssets/Texture2D/suipian.png
  artifactKey: Guid(fc066b18a97245b4aad5446971876b50) Importer(815301076,1909f56bfc062723c751e8b465ee728b)
Start importing Assets/Asset3D/Asset/Internship_BT1_StackMaker/_MazeMakerAssets/Texture2D/suipian.png using Guid(fc066b18a97245b4aad5446971876b50) Importer(815301076,1909f56bfc062723c751e8b465ee728b)  -> (artifact id: '7b7301ebda586bb88cf1bf2546c4e84b') in 0.021149 seconds
Number of updated asset objects reloaded before import = 0
Number of asset objects unloaded after import = 3
========================================================================
Received Import Request.
  Time since last request: 0.001341 seconds.
  path: Assets/Asset3D/Asset/Internship_BT1_StackMaker/_MazeMakerAssets/Texture2D/UIMask.png
  artifactKey: Guid(de8ba1b32a0434e4fab0ac7921ae8a19) Importer(815301076,1909f56bfc062723c751e8b465ee728b)
Start importing Assets/Asset3D/Asset/Internship_BT1_StackMaker/_MazeMakerAssets/Texture2D/UIMask.png using Guid(de8ba1b32a0434e4fab0ac7921ae8a19) Importer(815301076,1909f56bfc062723c751e8b465ee728b)  -> (artifact id: '248f8af8d84d62be998291aef086e4c2') in 0.019655 seconds
Number of updated asset objects reloaded before import = 0
Number of asset objects unloaded after import = 3
========================================================================
Received Import Request.
  Time since last request: 0.331394 seconds.
  path: Assets/Asset3D/Asset/Internship_BT1_StackMaker/_MazeMakerAssets/Texture2D/upzs.png
  artifactKey: Guid(262eb102bf42618409ccb11a88c744fc) Importer(815301076,1909f56bfc062723c751e8b465ee728b)
Start importing Assets/Asset3D/Asset/Internship_BT1_StackMaker/_MazeMakerAssets/Texture2D/upzs.png using Guid(262eb102bf42618409ccb11a88c744fc) Importer(815301076,1909f56bfc062723c751e8b465ee728b)  -> (artifact id: 'f574e5e568fc6d5df0906b9efb861d67') in 0.019720 seconds
Number of updated asset objects reloaded before import = 0
Number of asset objects unloaded after import = 3
========================================================================
Received Import Request.
  Time since last request: 0.004080 seconds.
  path: Assets/Asset3D/Asset/Internship_BT1_StackMaker/_MazeMakerAssets/Texture2D/wujiaoxingjinbi_D_dui_shadow.png
  artifactKey: Guid(c5c0077b672152b43adf3a33ebf03732) Importer(815301076,1909f56bfc062723c751e8b465ee728b)
Start importing Assets/Asset3D/Asset/Internship_BT1_StackMaker/_MazeMakerAssets/Texture2D/wujiaoxingjinbi_D_dui_shadow.png using Guid(c5c0077b672152b43adf3a33ebf03732) Importer(815301076,1909f56bfc062723c751e8b465ee728b)  -> (artifact id: '6d96ec1c1eb2369ff011f5e04477fe1b') in 0.022459 seconds
Number of updated asset objects reloaded before import = 0
Number of asset objects unloaded after import = 3
========================================================================
Received Import Request.
  Time since last request: 0.028071 seconds.
  path: Assets/Asset3D/Asset/Internship_BT1_StackMaker/_MazeMakerAssets/Texture2D/xiyou.png
  artifactKey: Guid(e40d3a7ef36f3c940b16f571c34a8304) Importer(815301076,1909f56bfc062723c751e8b465ee728b)
Start importing Assets/Asset3D/Asset/Internship_BT1_StackMaker/_MazeMakerAssets/Texture2D/xiyou.png using Guid(e40d3a7ef36f3c940b16f571c34a8304) Importer(815301076,1909f56bfc062723c751e8b465ee728b)  -> (artifact id: '9caf62f6a8c2d5ded466b91fbc7f9548') in 0.027399 seconds
Number of updated asset objects reloaded before import = 0
Number of asset objects unloaded after import = 3
========================================================================
Received Import Request.
  Time since last request: 0.000023 seconds.
  path: Assets/Asset3D/Asset/Internship_BT1_StackMaker/_MazeMakerAssets/Texture2D/yanwu.png
  artifactKey: Guid(573c40eb03d34d74ea4736e3a8e922d5) Importer(815301076,1909f56bfc062723c751e8b465ee728b)
Start importing Assets/Asset3D/Asset/Internship_BT1_StackMaker/_MazeMakerAssets/Texture2D/yanwu.png using Guid(573c40eb03d34d74ea4736e3a8e922d5) Importer(815301076,1909f56bfc062723c751e8b465ee728b)  -> (artifact id: 'b9c0eea0374613361cf54b707972ac41') in 0.013913 seconds
Number of updated asset objects reloaded before import = 0
Number of asset objects unloaded after import = 2
========================================================================
Received Import Request.
  Time since last request: 0.348994 seconds.
  path: Assets/Asset3D/Asset/Internship_BT1_StackMaker/_MazeMakerAssets/Texture2D/yinyue.png
  artifactKey: Guid(956b3b8cfd46af24ea55696405fa3764) Importer(815301076,1909f56bfc062723c751e8b465ee728b)
Start importing Assets/Asset3D/Asset/Internship_BT1_StackMaker/_MazeMakerAssets/Texture2D/yinyue.png using Guid(956b3b8cfd46af24ea55696405fa3764) Importer(815301076,1909f56bfc062723c751e8b465ee728b)  -> (artifact id: '353e2c6e50ef7523a212fa154a460956') in 0.022146 seconds
Number of updated asset objects reloaded before import = 0
Number of asset objects unloaded after import = 3
========================================================================
Received Import Request.
  Time since last request: 0.044450 seconds.
  path: Assets/Asset3D/Asset/Internship_BT1_StackMaker/_MazeMakerAssets/Texture2D/zhendong2.png
  artifactKey: Guid(2e9fcacbebeb2f24795bae117c8412a8) Importer(815301076,1909f56bfc062723c751e8b465ee728b)
Start importing Assets/Asset3D/Asset/Internship_BT1_StackMaker/_MazeMakerAssets/Texture2D/zhendong2.png using Guid(2e9fcacbebeb2f24795bae117c8412a8) Importer(815301076,1909f56bfc062723c751e8b465ee728b)  -> (artifact id: '6545c0f500e060d48d6a399b2d1e8ad6') in 0.028206 seconds
Number of updated asset objects reloaded before import = 0
Number of asset objects unloaded after import = 3
========================================================================
Received Import Request.
  Time since last request: 0.025809 seconds.
  path: Assets/Asset3D/Asset/Internship_BT1_StackMaker/_MazeMakerAssets/Texture2D/zuanshi.png
  artifactKey: Guid(957a2efc841572243a71679ca304b18b) Importer(815301076,1909f56bfc062723c751e8b465ee728b)
Start importing Assets/Asset3D/Asset/Internship_BT1_StackMaker/_MazeMakerAssets/Texture2D/zuanshi.png using Guid(957a2efc841572243a71679ca304b18b) Importer(815301076,1909f56bfc062723c751e8b465ee728b)  -> (artifact id: '57ab6042c788b9c60539890ab39e4bd2') in 0.025262 seconds
Number of updated asset objects reloaded before import = 0
Number of asset objects unloaded after import = 3
========================================================================
Received Prepare
Begin MonoManager ReloadAssembly
- Loaded All Assemblies, in  0.538 seconds
Refreshing native plugins compatible for Editor in 2.33 ms, found 3 plugins.
Native extension for WindowsStandalone target not found
Native extension for Android target not found
Native extension for WebGL target not found
[Package Manager] Server::EnsureServerProcessIsRunning -- launch failed, reason: Unity was launched with the -noUpm command-line argument
[Package Manager] UpmClient::Send -- Unable to send message (not connected to UPM process).
[Package Manager] Cannot connect to Unity Package Manager local server
Mono: successfully reloaded assembly
- Finished resetting the current domain, in  1.688 seconds
Domain Reload Profiling: 2225ms
	BeginReloadAssembly (165ms)
		ExecutionOrderSort (0ms)
		DisableScriptedObjects (7ms)
		BackupInstance (0ms)
		ReleaseScriptingObjects (0ms)
		CreateAndSetChildDomain (46ms)
	RebuildCommonClasses (33ms)
	RebuildNativeTypeToScriptingClass (11ms)
	initialDomainReloadingComplete (27ms)
	LoadAllAssembliesAndSetupDomain (301ms)
		LoadAssemblies (368ms)
		RebuildTransferFunctionScriptingTraits (0ms)
		AnalyzeDomain (14ms)
			TypeCache.Refresh (8ms)
				TypeCache.ScanAssembly (0ms)
			ScanForSourceGeneratedMonoScriptInfo (0ms)
			ResolveRequiredComponents (5ms)
	FinalizeReload (1689ms)
		ReleaseScriptCaches (0ms)
		RebuildScriptCaches (0ms)
		SetupLoadedEditorAssemblies (520ms)
			LogAssemblyErrors (0ms)
			InitializePlatformSupportModulesInManaged (34ms)
			SetLoadedEditorAssemblies (8ms)
			RefreshPlugins (0ms)
			BeforeProcessingInitializeOnLoad (81ms)
			ProcessInitializeOnLoadAttributes (364ms)
			ProcessInitializeOnLoadMethodAttributes (27ms)
			AfterProcessingInitializeOnLoad (6ms)
			EditorAssembliesLoaded (0ms)
		ExecutionOrderSort2 (0ms)
		AwakeInstancesAfterBackupRestoration (6ms)
Refreshing native plugins compatible for Editor in 4.50 ms, found 3 plugins.
Preloading 0 native plugins for Editor in 0.00 ms.
Unloading 3336 Unused Serialized files (Serialized files now loaded: 0)
Unloading 23 unused Assets / (101.8 KB). Loaded Objects now: 3935.
Memory consumption went from 123.8 MB to 123.7 MB.
Total: 7.486000 ms (FindLiveObjects: 0.508100 ms CreateObjectMapping: 0.111500 ms MarkObjects: 6.716300 ms  DeleteObjects: 0.148200 ms)

Prepare: number of updated asset objects reloaded= 0
AssetImportParameters requested are different than current active one (requested -> active):
  custom:container-demuxer-ogg: 62fdf1f143b41e24485cea50d1cbac27 -> 
  custom:video-codec-MediaFoundation-h265: 746d11721c4dcdbdad8f713fa42b33f4 -> 
  custom:video-decoder-ogg-theora: a1e56fd34408186e4bbccfd4996cb3dc -> 
  custom:framework-win-MediaFoundation: 216162199b28c13a410421893ffa2e32 -> 
  custom:CustomObjectIndexerAttribute: 756ad292c208cfabdd7b50bc23989ffe -> 
  custom:container-demuxer-webm: 4f35f7cbe854078d1ac9338744f61a02 -> 
  custom:container-muxer-webm: aa71ff27fc2769a1b78a27578f13a17b -> 
  custom:video-decoder-webm-vp8: 9c59270c3fd7afecdb556c50c9e8de78 -> 
  custom:SearchIndexIgnoredProperties: e643bd26f0fe6173181afceb89e7c659 -> 
  custom:AudioImporter_EditorPlatform: d09bf68614088b80899f8185d706f6e7 -> 
  custom:video-encoder-webm-vp8: eb34c28f22e8b96e1ab97ce403110664 -> 
  custom:audio-decoder-ogg-vorbis: bf7c407c2cedff20999df2af8eb42d56 -> 
  custom:audio-encoder-webm-vorbis: bf7c407c2cedff20999df2af8eb42d56 -> 
