Using pre-set license
Built from '2022.3/staging' branch; Version is '2022.3.8f1 (b5eafc012955) revision 11922172'; Using compiler version '192829333'; Build Type 'Release'
OS: 'Windows 11  (10.0.22621) 64bit CoreSingleLanguage' Language: 'en' Physical Memory: 7599 MB
BatchMode: 1, IsHumanControllingUs: 0, StartBugReporterOnCrash: 0, Is64bit: 1, IsPro: 1

COMMAND LINE ARGUMENTS:
C:\Program Files\Unity\Hub\Editor\2022.3.8f1\Editor\Unity.exe
-adb2
-batchMode
-noUpm
-name
AssetImportWorker0
-projectPath
C:/Users/ASUS/gameunity/Test_Project
-logFile
Logs/AssetImportWorker0.log
-srvPort
56071
Successfully changed project path to: C:/Users/ASUS/gameunity/Test_Project
C:/Users/ASUS/gameunity/Test_Project
[UnityMemory] Configuration Parameters - Can be set up in boot.config
    "memorysetup-bucket-allocator-granularity=16"
    "memorysetup-bucket-allocator-bucket-count=8"
    "memorysetup-bucket-allocator-block-size=33554432"
    "memorysetup-bucket-allocator-block-count=8"
    "memorysetup-main-allocator-block-size=16777216"
    "memorysetup-thread-allocator-block-size=16777216"
    "memorysetup-gfx-main-allocator-block-size=16777216"
    "memorysetup-gfx-thread-allocator-block-size=16777216"
    "memorysetup-cache-allocator-block-size=4194304"
    "memorysetup-typetree-allocator-block-size=2097152"
    "memorysetup-profiler-bucket-allocator-granularity=16"
    "memorysetup-profiler-bucket-allocator-bucket-count=8"
    "memorysetup-profiler-bucket-allocator-block-size=33554432"
    "memorysetup-profiler-bucket-allocator-block-count=8"
    "memorysetup-profiler-allocator-block-size=16777216"
    "memorysetup-profiler-editor-allocator-block-size=1048576"
    "memorysetup-temp-allocator-size-main=16777216"
    "memorysetup-job-temp-allocator-block-size=2097152"
    "memorysetup-job-temp-allocator-block-size-background=1048576"
    "memorysetup-job-temp-allocator-reduction-small-platforms=262144"
    "memorysetup-allocator-temp-initial-block-size-main=262144"
    "memorysetup-allocator-temp-initial-block-size-worker=262144"
    "memorysetup-temp-allocator-size-background-worker=32768"
    "memorysetup-temp-allocator-size-job-worker=262144"
    "memorysetup-temp-allocator-size-preload-manager=33554432"
    "memorysetup-temp-allocator-size-nav-mesh-worker=65536"
    "memorysetup-temp-allocator-size-audio-worker=65536"
    "memorysetup-temp-allocator-size-cloud-worker=32768"
    "memorysetup-temp-allocator-size-gi-baking-worker=262144"
    "memorysetup-temp-allocator-size-gfx=262144"
Player connection [13028] Host "[IP] 192.168.1.16 [Port] 0 [Flags] 2 [Guid] 3492210955 [EditorId] 3492210955 [Version] 1048832 [Id] WindowsEditor(7,LAPTOP-UU5VOIFD) [Debug] 1 [PackageName] WindowsEditor [ProjectName] Editor" joined multi-casting on [225.0.0.222:54997]...

Player connection [13028] Host "[IP] 192.168.1.16 [Port] 0 [Flags] 2 [Guid] 3492210955 [EditorId] 3492210955 [Version] 1048832 [Id] WindowsEditor(7,LAPTOP-UU5VOIFD) [Debug] 1 [PackageName] WindowsEditor [ProjectName] Editor" joined alternative multi-casting on [225.0.0.222:34997]...

[Physics::Module] Initialized MultithreadedJobDispatcher with 15 workers.
Refreshing native plugins compatible for Editor in 5.95 ms, found 3 plugins.
Preloading 0 native plugins for Editor in 0.00 ms.
Initialize engine version: 2022.3.8f1 (b5eafc012955)
[Subsystems] Discovering subsystems at path C:/Program Files/Unity/Hub/Editor/2022.3.8f1/Editor/Data/Resources/UnitySubsystems
[Subsystems] Discovering subsystems at path C:/Users/ASUS/gameunity/Test_Project/Assets
GfxDevice: creating device client; threaded=0; jobified=0
Direct3D:
    Version:  Direct3D 11.0 [level 11.1]
    Renderer: NVIDIA GeForce GTX 1650 (ID=0x1f9d)
    Vendor:   NVIDIA
    VRAM:     3962 MB
    Driver:   30.0.15.1278
Initialize mono
Mono path[0] = 'C:/Program Files/Unity/Hub/Editor/2022.3.8f1/Editor/Data/Managed'
Mono path[1] = 'C:/Program Files/Unity/Hub/Editor/2022.3.8f1/Editor/Data/MonoBleedingEdge/lib/mono/unityjit-win32'
Mono config path = 'C:/Program Files/Unity/Hub/Editor/2022.3.8f1/Editor/Data/MonoBleedingEdge/etc'
Using monoOptions --debugger-agent=transport=dt_socket,embedding=1,server=y,suspend=n,address=127.0.0.1:56644
Begin MonoManager ReloadAssembly
Registering precompiled unity dll's ...
Register platform support module: C:/Program Files/Unity/Hub/Editor/2022.3.8f1/Editor/Data/PlaybackEngines/WebGLSupport/UnityEditor.WebGL.Extensions.dll
Register platform support module: C:/Program Files/Unity/Hub/Editor/2022.3.8f1/Editor/Data/PlaybackEngines/AndroidPlayer/UnityEditor.Android.Extensions.dll
Register platform support module: C:/Program Files/Unity/Hub/Editor/2022.3.8f1/Editor/Data/PlaybackEngines/WindowsStandaloneSupport/UnityEditor.WindowsStandalone.Extensions.dll
Registered in 0.008860 seconds.
- Loaded All Assemblies, in  0.424 seconds
Native extension for WindowsStandalone target not found
Native extension for Android target not found
Android Extension - Scanning For ADB Devices 253 ms
Native extension for WebGL target not found
Mono: successfully reloaded assembly
- Finished resetting the current domain, in  0.614 seconds
Domain Reload Profiling: 1037ms
	BeginReloadAssembly (131ms)
		ExecutionOrderSort (0ms)
		DisableScriptedObjects (0ms)
		BackupInstance (0ms)
		ReleaseScriptingObjects (0ms)
		CreateAndSetChildDomain (1ms)
	RebuildCommonClasses (51ms)
	RebuildNativeTypeToScriptingClass (11ms)
	initialDomainReloadingComplete (63ms)
	LoadAllAssembliesAndSetupDomain (167ms)
		LoadAssemblies (131ms)
		RebuildTransferFunctionScriptingTraits (0ms)
		AnalyzeDomain (163ms)
			TypeCache.Refresh (162ms)
				TypeCache.ScanAssembly (144ms)
			ScanForSourceGeneratedMonoScriptInfo (0ms)
			ResolveRequiredComponents (1ms)
	FinalizeReload (615ms)
		ReleaseScriptCaches (0ms)
		RebuildScriptCaches (0ms)
		SetupLoadedEditorAssemblies (548ms)
			LogAssemblyErrors (0ms)
			InitializePlatformSupportModulesInManaged (378ms)
			SetLoadedEditorAssemblies (5ms)
			RefreshPlugins (0ms)
			BeforeProcessingInitializeOnLoad (2ms)
			ProcessInitializeOnLoadAttributes (111ms)
			ProcessInitializeOnLoadMethodAttributes (50ms)
			AfterProcessingInitializeOnLoad (0ms)
			EditorAssembliesLoaded (0ms)
		ExecutionOrderSort2 (0ms)
		AwakeInstancesAfterBackupRestoration (0ms)
========================================================================
Worker process is ready to serve import requests
Begin MonoManager ReloadAssembly
- Loaded All Assemblies, in  0.833 seconds
Refreshing native plugins compatible for Editor in 2.57 ms, found 3 plugins.
Native extension for WindowsStandalone target not found
Native extension for Android target not found
Native extension for WebGL target not found
Package Manager log level set to [2]
[Package Manager] Server::EnsureServerProcessIsRunning -- launch failed, reason: Unity was launched with the -noUpm command-line argument
[Package Manager] UpmClient::Send -- Unable to send message (not connected to UPM process).
[Package Manager] Cannot connect to Unity Package Manager local server
Mono: successfully reloaded assembly
- Finished resetting the current domain, in  0.700 seconds
Domain Reload Profiling: 1532ms
	BeginReloadAssembly (168ms)
		ExecutionOrderSort (0ms)
		DisableScriptedObjects (5ms)
		BackupInstance (0ms)
		ReleaseScriptingObjects (0ms)
		CreateAndSetChildDomain (30ms)
	RebuildCommonClasses (37ms)
	RebuildNativeTypeToScriptingClass (11ms)
	initialDomainReloadingComplete (50ms)
	LoadAllAssembliesAndSetupDomain (567ms)
		LoadAssemblies (403ms)
		RebuildTransferFunctionScriptingTraits (0ms)
		AnalyzeDomain (259ms)
			TypeCache.Refresh (227ms)
				TypeCache.ScanAssembly (203ms)
			ScanForSourceGeneratedMonoScriptInfo (25ms)
			ResolveRequiredComponents (5ms)
	FinalizeReload (700ms)
		ReleaseScriptCaches (0ms)
		RebuildScriptCaches (0ms)
		SetupLoadedEditorAssemblies (515ms)
			LogAssemblyErrors (0ms)
			InitializePlatformSupportModulesInManaged (31ms)
			SetLoadedEditorAssemblies (6ms)
			RefreshPlugins (0ms)
			BeforeProcessingInitializeOnLoad (68ms)
			ProcessInitializeOnLoadAttributes (370ms)
			ProcessInitializeOnLoadMethodAttributes (35ms)
			AfterProcessingInitializeOnLoad (6ms)
			EditorAssembliesLoaded (0ms)
		ExecutionOrderSort2 (0ms)
		AwakeInstancesAfterBackupRestoration (6ms)
Launched and connected shader compiler UnityShaderCompiler.exe after 0.05 seconds
Refreshing native plugins compatible for Editor in 2.43 ms, found 3 plugins.
Preloading 0 native plugins for Editor in 0.00 ms.
Unloading 3346 Unused Serialized files (Serialized files now loaded: 0)
Unloading 48 unused Assets / (129.7 KB). Loaded Objects now: 3818.
Memory consumption went from 125.9 MB to 125.7 MB.
Total: 5.445800 ms (FindLiveObjects: 0.522600 ms CreateObjectMapping: 0.124700 ms MarkObjects: 4.380500 ms  DeleteObjects: 0.413100 ms)

AssetImportParameters requested are different than current active one (requested -> active):
  custom:container-demuxer-ogg: 62fdf1f143b41e24485cea50d1cbac27 -> 
  custom:video-codec-MediaFoundation-h265: 746d11721c4dcdbdad8f713fa42b33f4 -> 
  custom:video-decoder-ogg-theora: a1e56fd34408186e4bbccfd4996cb3dc -> 
  custom:framework-win-MediaFoundation: 216162199b28c13a410421893ffa2e32 -> 
  custom:CustomObjectIndexerAttribute: 756ad292c208cfabdd7b50bc23989ffe -> 
  custom:container-demuxer-webm: 4f35f7cbe854078d1ac9338744f61a02 -> 
  custom:container-muxer-webm: aa71ff27fc2769a1b78a27578f13a17b -> 
  custom:video-decoder-webm-vp8: 9c59270c3fd7afecdb556c50c9e8de78 -> 
  custom:SearchIndexIgnoredProperties: e643bd26f0fe6173181afceb89e7c659 -> 
  custom:AudioImporter_EditorPlatform: d09bf68614088b80899f8185d706f6e7 -> 
  custom:video-encoder-webm-vp8: eb34c28f22e8b96e1ab97ce403110664 -> 
  custom:audio-decoder-ogg-vorbis: bf7c407c2cedff20999df2af8eb42d56 -> 
  custom:audio-encoder-webm-vorbis: bf7c407c2cedff20999df2af8eb42d56 -> 
========================================================================
Received Import Request.
  Time since last request: 1107226.429323 seconds.
  path: Assets/Asset3D/Script/Player.cs
  artifactKey: Guid(4f8fa3de296f6f04b91887fca2c2a298) Importer(815301076,1909f56bfc062723c751e8b465ee728b)
Start importing Assets/Asset3D/Script/Player.cs using Guid(4f8fa3de296f6f04b91887fca2c2a298) Importer(815301076,1909f56bfc062723c751e8b465ee728b)  -> (artifact id: '62a222f830887044847570734e44bdb9') in 0.006385 seconds
Number of updated asset objects reloaded before import = 0
Number of asset objects unloaded after import = 0
========================================================================
Received Import Request.
  Time since last request: 72.595403 seconds.
  path: Assets/Asset3D/Script/Player.cs
  artifactKey: Guid(4f8fa3de296f6f04b91887fca2c2a298) Importer(815301076,1909f56bfc062723c751e8b465ee728b)
Start importing Assets/Asset3D/Script/Player.cs using Guid(4f8fa3de296f6f04b91887fca2c2a298) Importer(815301076,1909f56bfc062723c751e8b465ee728b)  -> (artifact id: '2a6bf6584bcb1ae8889453b34f4c68b2') in 0.000759 seconds
Number of updated asset objects reloaded before import = 0
Number of asset objects unloaded after import = 0
========================================================================
Received Import Request.
  Time since last request: 66.622362 seconds.
  path: Assets/Asset3D/Script/Player.cs
  artifactKey: Guid(4f8fa3de296f6f04b91887fca2c2a298) Importer(815301076,1909f56bfc062723c751e8b465ee728b)
Start importing Assets/Asset3D/Script/Player.cs using Guid(4f8fa3de296f6f04b91887fca2c2a298) Importer(815301076,1909f56bfc062723c751e8b465ee728b)  -> (artifact id: 'c33673a34b2253b7f7fe1e37f2dc7ec9') in 0.000870 seconds
Number of updated asset objects reloaded before import = 0
Number of asset objects unloaded after import = 0
========================================================================
Received Import Request.
  Time since last request: 98.386719 seconds.
  path: Assets/Asset3D/Script/Player.cs
  artifactKey: Guid(4f8fa3de296f6f04b91887fca2c2a298) Importer(815301076,1909f56bfc062723c751e8b465ee728b)
Start importing Assets/Asset3D/Script/Player.cs using Guid(4f8fa3de296f6f04b91887fca2c2a298) Importer(815301076,1909f56bfc062723c751e8b465ee728b)  -> (artifact id: '35529b98be1a362d8f875e49cd2aa17b') in 0.000816 seconds
Number of updated asset objects reloaded before import = 0
Number of asset objects unloaded after import = 0
========================================================================
Received Prepare
Begin MonoManager ReloadAssembly
- Loaded All Assemblies, in  0.558 seconds
Refreshing native plugins compatible for Editor in 3.07 ms, found 3 plugins.
Native extension for WindowsStandalone target not found
Native extension for Android target not found
Native extension for WebGL target not found
[Package Manager] Server::EnsureServerProcessIsRunning -- launch failed, reason: Unity was launched with the -noUpm command-line argument
[Package Manager] UpmClient::Send -- Unable to send message (not connected to UPM process).
[Package Manager] Cannot connect to Unity Package Manager local server
Mono: successfully reloaded assembly
- Finished resetting the current domain, in  1.361 seconds
Domain Reload Profiling: 1918ms
	BeginReloadAssembly (171ms)
		ExecutionOrderSort (0ms)
		DisableScriptedObjects (6ms)
		BackupInstance (0ms)
		ReleaseScriptingObjects (0ms)
		CreateAndSetChildDomain (41ms)
	RebuildCommonClasses (34ms)
	RebuildNativeTypeToScriptingClass (11ms)
	initialDomainReloadingComplete (25ms)
	LoadAllAssembliesAndSetupDomain (315ms)
		LoadAssemblies (369ms)
		RebuildTransferFunctionScriptingTraits (0ms)
		AnalyzeDomain (36ms)
			TypeCache.Refresh (19ms)
				TypeCache.ScanAssembly (0ms)
			ScanForSourceGeneratedMonoScriptInfo (10ms)
			ResolveRequiredComponents (6ms)
	FinalizeReload (1362ms)
		ReleaseScriptCaches (0ms)
		RebuildScriptCaches (0ms)
		SetupLoadedEditorAssemblies (421ms)
			LogAssemblyErrors (0ms)
			InitializePlatformSupportModulesInManaged (30ms)
			SetLoadedEditorAssemblies (4ms)
			RefreshPlugins (0ms)
			BeforeProcessingInitializeOnLoad (62ms)
			ProcessInitializeOnLoadAttributes (290ms)
			ProcessInitializeOnLoadMethodAttributes (27ms)
			AfterProcessingInitializeOnLoad (8ms)
			EditorAssembliesLoaded (0ms)
		ExecutionOrderSort2 (0ms)
		AwakeInstancesAfterBackupRestoration (8ms)
Refreshing native plugins compatible for Editor in 2.71 ms, found 3 plugins.
Preloading 0 native plugins for Editor in 0.00 ms.
Unloading 3336 Unused Serialized files (Serialized files now loaded: 0)
Unloading 23 unused Assets / (101.7 KB). Loaded Objects now: 3833.
Memory consumption went from 123.7 MB to 123.6 MB.
Total: 4.001000 ms (FindLiveObjects: 0.561300 ms CreateObjectMapping: 0.192500 ms MarkObjects: 3.151700 ms  DeleteObjects: 0.093600 ms)

Prepare: number of updated asset objects reloaded= 0
AssetImportParameters requested are different than current active one (requested -> active):
  custom:container-demuxer-ogg: 62fdf1f143b41e24485cea50d1cbac27 -> 
  custom:video-codec-MediaFoundation-h265: 746d11721c4dcdbdad8f713fa42b33f4 -> 
  custom:video-decoder-ogg-theora: a1e56fd34408186e4bbccfd4996cb3dc -> 
  custom:framework-win-MediaFoundation: 216162199b28c13a410421893ffa2e32 -> 
  custom:CustomObjectIndexerAttribute: 756ad292c208cfabdd7b50bc23989ffe -> 
  custom:container-demuxer-webm: 4f35f7cbe854078d1ac9338744f61a02 -> 
  custom:container-muxer-webm: aa71ff27fc2769a1b78a27578f13a17b -> 
  custom:video-decoder-webm-vp8: 9c59270c3fd7afecdb556c50c9e8de78 -> 
  custom:SearchIndexIgnoredProperties: e643bd26f0fe6173181afceb89e7c659 -> 
  custom:AudioImporter_EditorPlatform: d09bf68614088b80899f8185d706f6e7 -> 
  custom:video-encoder-webm-vp8: eb34c28f22e8b96e1ab97ce403110664 -> 
  custom:audio-decoder-ogg-vorbis: bf7c407c2cedff20999df2af8eb42d56 -> 
  custom:audio-encoder-webm-vorbis: bf7c407c2cedff20999df2af8eb42d56 -> 
========================================================================
Received Prepare
Begin MonoManager ReloadAssembly
- Loaded All Assemblies, in  0.526 seconds
Refreshing native plugins compatible for Editor in 2.25 ms, found 3 plugins.
Native extension for WindowsStandalone target not found
Native extension for Android target not found
Native extension for WebGL target not found
[Package Manager] Server::EnsureServerProcessIsRunning -- launch failed, reason: Unity was launched with the -noUpm command-line argument
[Package Manager] UpmClient::Send -- Unable to send message (not connected to UPM process).
[Package Manager] Cannot connect to Unity Package Manager local server
Mono: successfully reloaded assembly
- Finished resetting the current domain, in  0.910 seconds
Domain Reload Profiling: 1432ms
	BeginReloadAssembly (176ms)
		ExecutionOrderSort (0ms)
		DisableScriptedObjects (6ms)
		BackupInstance (0ms)
		ReleaseScriptingObjects (0ms)
		CreateAndSetChildDomain (39ms)
	RebuildCommonClasses (36ms)
	RebuildNativeTypeToScriptingClass (11ms)
	initialDomainReloadingComplete (36ms)
	LoadAllAssembliesAndSetupDomain (262ms)
		LoadAssemblies (346ms)
		RebuildTransferFunctionScriptingTraits (0ms)
		AnalyzeDomain (16ms)
			TypeCache.Refresh (7ms)
				TypeCache.ScanAssembly (0ms)
			ScanForSourceGeneratedMonoScriptInfo (0ms)
			ResolveRequiredComponents (7ms)
	FinalizeReload (910ms)
		ReleaseScriptCaches (0ms)
		RebuildScriptCaches (0ms)
		SetupLoadedEditorAssemblies (456ms)
			LogAssemblyErrors (0ms)
			InitializePlatformSupportModulesInManaged (25ms)
			SetLoadedEditorAssemblies (6ms)
			RefreshPlugins (0ms)
			BeforeProcessingInitializeOnLoad (65ms)
			ProcessInitializeOnLoadAttributes (326ms)
			ProcessInitializeOnLoadMethodAttributes (27ms)
			AfterProcessingInitializeOnLoad (7ms)
			EditorAssembliesLoaded (0ms)
		ExecutionOrderSort2 (0ms)
		AwakeInstancesAfterBackupRestoration (6ms)
Refreshing native plugins compatible for Editor in 2.96 ms, found 3 plugins.
Preloading 0 native plugins for Editor in 0.00 ms.
Unloading 3337 Unused Serialized files (Serialized files now loaded: 0)
Unloading 23 unused Assets / (101.9 KB). Loaded Objects now: 3848.
Memory consumption went from 123.9 MB to 123.8 MB.
Total: 5.377800 ms (FindLiveObjects: 0.971100 ms CreateObjectMapping: 0.419100 ms MarkObjects: 3.868700 ms  DeleteObjects: 0.114600 ms)

Prepare: number of updated asset objects reloaded= 0
AssetImportParameters requested are different than current active one (requested -> active):
  custom:container-demuxer-ogg: 62fdf1f143b41e24485cea50d1cbac27 -> 
  custom:video-codec-MediaFoundation-h265: 746d11721c4dcdbdad8f713fa42b33f4 -> 
  custom:video-decoder-ogg-theora: a1e56fd34408186e4bbccfd4996cb3dc -> 
  custom:framework-win-MediaFoundation: 216162199b28c13a410421893ffa2e32 -> 
  custom:CustomObjectIndexerAttribute: 756ad292c208cfabdd7b50bc23989ffe -> 
  custom:container-demuxer-webm: 4f35f7cbe854078d1ac9338744f61a02 -> 
  custom:container-muxer-webm: aa71ff27fc2769a1b78a27578f13a17b -> 
  custom:video-decoder-webm-vp8: 9c59270c3fd7afecdb556c50c9e8de78 -> 
  custom:SearchIndexIgnoredProperties: e643bd26f0fe6173181afceb89e7c659 -> 
  custom:AudioImporter_EditorPlatform: d09bf68614088b80899f8185d706f6e7 -> 
  custom:video-encoder-webm-vp8: eb34c28f22e8b96e1ab97ce403110664 -> 
  custom:audio-decoder-ogg-vorbis: bf7c407c2cedff20999df2af8eb42d56 -> 
  custom:audio-encoder-webm-vorbis: bf7c407c2cedff20999df2af8eb42d56 -> 
========================================================================
Received Import Request.
  Time since last request: 94.970336 seconds.
  path: Assets/Asset3D/Script/Player.cs
  artifactKey: Guid(4f8fa3de296f6f04b91887fca2c2a298) Importer(815301076,1909f56bfc062723c751e8b465ee728b)
Start importing Assets/Asset3D/Script/Player.cs using Guid(4f8fa3de296f6f04b91887fca2c2a298) Importer(815301076,1909f56bfc062723c751e8b465ee728b)  -> (artifact id: 'd5a0ed3c23489740286376852ed39790') in 0.003044 seconds
Number of updated asset objects reloaded before import = 0
Number of asset objects unloaded after import = 0
========================================================================
Received Prepare
Begin MonoManager ReloadAssembly
- Loaded All Assemblies, in  0.549 seconds
Refreshing native plugins compatible for Editor in 2.53 ms, found 3 plugins.
Native extension for WindowsStandalone target not found
Native extension for Android target not found
Native extension for WebGL target not found
[Package Manager] Server::EnsureServerProcessIsRunning -- launch failed, reason: Unity was launched with the -noUpm command-line argument
[Package Manager] UpmClient::Send -- Unable to send message (not connected to UPM process).
[Package Manager] Cannot connect to Unity Package Manager local server
Mono: successfully reloaded assembly
- Finished resetting the current domain, in  0.829 seconds
Domain Reload Profiling: 1377ms
	BeginReloadAssembly (169ms)
		ExecutionOrderSort (0ms)
		DisableScriptedObjects (6ms)
		BackupInstance (0ms)
		ReleaseScriptingObjects (0ms)
		CreateAndSetChildDomain (47ms)
	RebuildCommonClasses (35ms)
	RebuildNativeTypeToScriptingClass (11ms)
	initialDomainReloadingComplete (29ms)
	LoadAllAssembliesAndSetupDomain (304ms)
		LoadAssemblies (358ms)
		RebuildTransferFunctionScriptingTraits (0ms)
		AnalyzeDomain (30ms)
			TypeCache.Refresh (12ms)
				TypeCache.ScanAssembly (0ms)
			ScanForSourceGeneratedMonoScriptInfo (9ms)
			ResolveRequiredComponents (5ms)
	FinalizeReload (830ms)
		ReleaseScriptCaches (0ms)
		RebuildScriptCaches (0ms)
		SetupLoadedEditorAssemblies (372ms)
			LogAssemblyErrors (0ms)
			InitializePlatformSupportModulesInManaged (24ms)
			SetLoadedEditorAssemblies (4ms)
			RefreshPlugins (0ms)
			BeforeProcessingInitializeOnLoad (58ms)
			ProcessInitializeOnLoadAttributes (258ms)
			ProcessInitializeOnLoadMethodAttributes (21ms)
			AfterProcessingInitializeOnLoad (7ms)
			EditorAssembliesLoaded (0ms)
		ExecutionOrderSort2 (0ms)
		AwakeInstancesAfterBackupRestoration (6ms)
Refreshing native plugins compatible for Editor in 2.58 ms, found 3 plugins.
Preloading 0 native plugins for Editor in 0.00 ms.
Unloading 3336 Unused Serialized files (Serialized files now loaded: 0)
Unloading 23 unused Assets / (101.8 KB). Loaded Objects now: 3863.
Memory consumption went from 123.7 MB to 123.6 MB.
Total: 3.929600 ms (FindLiveObjects: 0.435400 ms CreateObjectMapping: 0.104300 ms MarkObjects: 3.313200 ms  DeleteObjects: 0.074800 ms)

Prepare: number of updated asset objects reloaded= 0
AssetImportParameters requested are different than current active one (requested -> active):
  custom:container-demuxer-ogg: 62fdf1f143b41e24485cea50d1cbac27 -> 
  custom:video-codec-MediaFoundation-h265: 746d11721c4dcdbdad8f713fa42b33f4 -> 
  custom:video-decoder-ogg-theora: a1e56fd34408186e4bbccfd4996cb3dc -> 
  custom:framework-win-MediaFoundation: 216162199b28c13a410421893ffa2e32 -> 
  custom:CustomObjectIndexerAttribute: 756ad292c208cfabdd7b50bc23989ffe -> 
  custom:container-demuxer-webm: 4f35f7cbe854078d1ac9338744f61a02 -> 
  custom:container-muxer-webm: aa71ff27fc2769a1b78a27578f13a17b -> 
  custom:video-decoder-webm-vp8: 9c59270c3fd7afecdb556c50c9e8de78 -> 
  custom:SearchIndexIgnoredProperties: e643bd26f0fe6173181afceb89e7c659 -> 
  custom:AudioImporter_EditorPlatform: d09bf68614088b80899f8185d706f6e7 -> 
  custom:video-encoder-webm-vp8: eb34c28f22e8b96e1ab97ce403110664 -> 
  custom:audio-decoder-ogg-vorbis: bf7c407c2cedff20999df2af8eb42d56 -> 
  custom:audio-encoder-webm-vorbis: bf7c407c2cedff20999df2af8eb42d56 -> 
========================================================================
Received Import Request.
  Time since last request: 40.515376 seconds.
  path: Assets/Asset3D/Asset/Internship_BT1_StackMaker/_MazeMakerAssets/Texture2D/export_uv_wireframe1.1002.png
  artifactKey: Guid(d19cf588bc62f614bb1e6595d593e2e2) Importer(815301076,1909f56bfc062723c751e8b465ee728b)
Start importing Assets/Asset3D/Asset/Internship_BT1_StackMaker/_MazeMakerAssets/Texture2D/export_uv_wireframe1.1002.png using Guid(d19cf588bc62f614bb1e6595d593e2e2) Importer(815301076,1909f56bfc062723c751e8b465ee728b)  -> (artifact id: '8fd369a637dc8ee95acec55fcf3f1b15') in 0.072710 seconds
Number of updated asset objects reloaded before import = 0
Number of asset objects unloaded after import = 2
========================================================================
Received Import Request.
  Time since last request: 0.000042 seconds.
  path: Assets/Asset3D/Asset/Internship_BT1_StackMaker/_MazeMakerAssets/Texture2D/fbzs.png
  artifactKey: Guid(7449cc999f0c00b4bad71806b31971aa) Importer(815301076,1909f56bfc062723c751e8b465ee728b)
Start importing Assets/Asset3D/Asset/Internship_BT1_StackMaker/_MazeMakerAssets/Texture2D/fbzs.png using Guid(7449cc999f0c00b4bad71806b31971aa) Importer(815301076,1909f56bfc062723c751e8b465ee728b)  -> (artifact id: '2de88e55e1317c4c4c82f7a335d77ae3') in 0.071357 seconds
Number of updated asset objects reloaded before import = 0
Number of asset objects unloaded after import = 3
========================================================================
Received Import Request.
  Time since last request: 0.000222 seconds.
  path: Assets/Asset3D/Asset/Internship_BT1_StackMaker/_MazeMakerAssets/Texture2D/fanhui.png
  artifactKey: Guid(772486d2b472b9842b88eaa1f9d7a916) Importer(815301076,1909f56bfc062723c751e8b465ee728b)
Start importing Assets/Asset3D/Asset/Internship_BT1_StackMaker/_MazeMakerAssets/Texture2D/fanhui.png using Guid(772486d2b472b9842b88eaa1f9d7a916) Importer(815301076,1909f56bfc062723c751e8b465ee728b)  -> (artifact id: 'd2c4b6e998bf6aa134ad8083f12e5406') in 0.027668 seconds
Number of updated asset objects reloaded before import = 0
Number of asset objects unloaded after import = 3
========================================================================
Received Import Request.
  Time since last request: 0.364997 seconds.
  path: Assets/Asset3D/Asset/Internship_BT1_StackMaker/_MazeMakerAssets/Texture2D/gb.png
  artifactKey: Guid(8717a8b0a04fb17408b9871ea26f3ea5) Importer(815301076,1909f56bfc062723c751e8b465ee728b)
Start importing Assets/Asset3D/Asset/Internship_BT1_StackMaker/_MazeMakerAssets/Texture2D/gb.png using Guid(8717a8b0a04fb17408b9871ea26f3ea5) Importer(815301076,1909f56bfc062723c751e8b465ee728b)  -> (artifact id: 'fe6be618d8ea3b8522ccdba588c71ff4') in 0.021090 seconds
Number of updated asset objects reloaded before import = 0
Number of asset objects unloaded after import = 3
========================================================================
Received Import Request.
  Time since last request: 0.000054 seconds.
  path: Assets/Asset3D/Asset/Internship_BT1_StackMaker/_MazeMakerAssets/Texture2D/glow.png
  artifactKey: Guid(ed895d36ccefeff4eb83c4468eb7aace) Importer(815301076,1909f56bfc062723c751e8b465ee728b)
Start importing Assets/Asset3D/Asset/Internship_BT1_StackMaker/_MazeMakerAssets/Texture2D/glow.png using Guid(ed895d36ccefeff4eb83c4468eb7aace) Importer(815301076,1909f56bfc062723c751e8b465ee728b)  -> (artifact id: '73e26cb43889c6dc57f5f7313569ed43') in 0.016014 seconds
Number of updated asset objects reloaded before import = 0
Number of asset objects unloaded after import = 2
========================================================================
Received Import Request.
  Time since last request: 0.423825 seconds.
  path: Assets/Asset3D/Asset/Internship_BT1_StackMaker/_MazeMakerAssets/Texture2D/gm1.png
  artifactKey: Guid(30098fc449c21534b8f7c624ff42501c) Importer(815301076,1909f56bfc062723c751e8b465ee728b)
Start importing Assets/Asset3D/Asset/Internship_BT1_StackMaker/_MazeMakerAssets/Texture2D/gm1.png using Guid(30098fc449c21534b8f7c624ff42501c) Importer(815301076,1909f56bfc062723c751e8b465ee728b)  -> (artifact id: '542035764a84afaff3c69643d61b970b') in 0.017410 seconds
Number of updated asset objects reloaded before import = 0
Number of asset objects unloaded after import = 2
========================================================================
Received Import Request.
  Time since last request: 0.000080 seconds.
  path: Assets/Asset3D/Asset/Internship_BT1_StackMaker/_MazeMakerAssets/Texture2D/gou_0.png
  artifactKey: Guid(910c617f1022558428a107e0c3f4955e) Importer(815301076,1909f56bfc062723c751e8b465ee728b)
Start importing Assets/Asset3D/Asset/Internship_BT1_StackMaker/_MazeMakerAssets/Texture2D/gou_0.png using Guid(910c617f1022558428a107e0c3f4955e) Importer(815301076,1909f56bfc062723c751e8b465ee728b)  -> (artifact id: '61d171a4c7420e55cb0ccf3f31fe1c35') in 0.018778 seconds
Number of updated asset objects reloaded before import = 0
Number of asset objects unloaded after import = 3
========================================================================
Received Import Request.
  Time since last request: 1.181141 seconds.
  path: Assets/Asset3D/Asset/Internship_BT1_StackMaker/_MazeMakerAssets/Texture2D/goudi.png
  artifactKey: Guid(d96b77fce0a3b0148a404f99563e4635) Importer(815301076,1909f56bfc062723c751e8b465ee728b)
Start importing Assets/Asset3D/Asset/Internship_BT1_StackMaker/_MazeMakerAssets/Texture2D/goudi.png using Guid(d96b77fce0a3b0148a404f99563e4635) Importer(815301076,1909f56bfc062723c751e8b465ee728b)  -> (artifact id: '620dc392420f2de49bf6876409419999') in 0.019286 seconds
Number of updated asset objects reloaded before import = 0
Number of asset objects unloaded after import = 3
========================================================================
Received Import Request.
  Time since last request: 0.059300 seconds.
  path: Assets/Asset3D/Asset/Internship_BT1_StackMaker/_MazeMakerAssets/Texture2D/guanbi_0.png
  artifactKey: Guid(bde5aad260ba7ca47927435a99ea4350) Importer(815301076,1909f56bfc062723c751e8b465ee728b)
Start importing Assets/Asset3D/Asset/Internship_BT1_StackMaker/_MazeMakerAssets/Texture2D/guanbi_0.png using Guid(bde5aad260ba7ca47927435a99ea4350) Importer(815301076,1909f56bfc062723c751e8b465ee728b)  -> (artifact id: 'aa46fe2aaa1a3f3c1b7c12911176dff5') in 0.018284 seconds
Number of updated asset objects reloaded before import = 0
Number of asset objects unloaded after import = 3
========================================================================
Received Import Request.
  Time since last request: 0.000037 seconds.
  path: Assets/Asset3D/Asset/Internship_BT1_StackMaker/_MazeMakerAssets/Texture2D/guanbi_2.png
  artifactKey: Guid(0efb095b20d986b428d346f5064c7e98) Importer(815301076,1909f56bfc062723c751e8b465ee728b)
Start importing Assets/Asset3D/Asset/Internship_BT1_StackMaker/_MazeMakerAssets/Texture2D/guanbi_2.png using Guid(0efb095b20d986b428d346f5064c7e98) Importer(815301076,1909f56bfc062723c751e8b465ee728b)  -> (artifact id: '9342619c956b51fba7bc7675e4452235') in 0.014544 seconds
Number of updated asset objects reloaded before import = 0
Number of asset objects unloaded after import = 3
========================================================================
Received Import Request.
  Time since last request: 0.306124 seconds.
  path: Assets/Asset3D/Asset/Internship_BT1_StackMaker/_MazeMakerAssets/Texture2D/guang.png
  artifactKey: Guid(16fb4e11df1762a4999eb6f08cc394d6) Importer(815301076,1909f56bfc062723c751e8b465ee728b)
Start importing Assets/Asset3D/Asset/Internship_BT1_StackMaker/_MazeMakerAssets/Texture2D/guang.png using Guid(16fb4e11df1762a4999eb6f08cc394d6) Importer(815301076,1909f56bfc062723c751e8b465ee728b)  -> (artifact id: '2edb898131e3896f283d299387a769b3') in 0.014400 seconds
Number of updated asset objects reloaded before import = 0
Number of asset objects unloaded after import = 2
========================================================================
Received Import Request.
  Time since last request: 0.000023 seconds.
  path: Assets/Asset3D/Asset/Internship_BT1_StackMaker/_MazeMakerAssets/Texture2D/guangdian1.png
  artifactKey: Guid(58df619bc182dec48bb86ce87bb25ee6) Importer(815301076,1909f56bfc062723c751e8b465ee728b)
Start importing Assets/Asset3D/Asset/Internship_BT1_StackMaker/_MazeMakerAssets/Texture2D/guangdian1.png using Guid(58df619bc182dec48bb86ce87bb25ee6) Importer(815301076,1909f56bfc062723c751e8b465ee728b)  -> (artifact id: '7ccdd168a5e11f67177dd4a8677696de') in 0.011758 seconds
Number of updated asset objects reloaded before import = 0
Number of asset objects unloaded after import = 2
========================================================================
Received Import Request.
  Time since last request: 0.130720 seconds.
  path: Assets/Asset3D/Asset/Internship_BT1_StackMaker/_MazeMakerAssets/Texture2D/guangsu1.png
  artifactKey: Guid(341d835a9a2b5e543be831a8dcfd37e8) Importer(815301076,1909f56bfc062723c751e8b465ee728b)
Start importing Assets/Asset3D/Asset/Internship_BT1_StackMaker/_MazeMakerAssets/Texture2D/guangsu1.png using Guid(341d835a9a2b5e543be831a8dcfd37e8) Importer(815301076,1909f56bfc062723c751e8b465ee728b)  -> (artifact id: '139a53c7af0c506b1ccee401b49c1dec') in 0.013733 seconds
Number of updated asset objects reloaded before import = 0
Number of asset objects unloaded after import = 2
========================================================================
Received Import Request.
  Time since last request: 0.000025 seconds.
  path: Assets/Asset3D/Asset/Internship_BT1_StackMaker/_MazeMakerAssets/Texture2D/guodu3.png
  artifactKey: Guid(284dfd77f09f8cd489c338584839ba1c) Importer(815301076,1909f56bfc062723c751e8b465ee728b)
Start importing Assets/Asset3D/Asset/Internship_BT1_StackMaker/_MazeMakerAssets/Texture2D/guodu3.png using Guid(284dfd77f09f8cd489c338584839ba1c) Importer(815301076,1909f56bfc062723c751e8b465ee728b)  -> (artifact id: '0e4e5b7be461dda3b621e8ad6a680729') in 0.013936 seconds
Number of updated asset objects reloaded before import = 0
Number of asset objects unloaded after import = 2
========================================================================
Received Import Request.
  Time since last request: 0.415897 seconds.
  path: Assets/Asset3D/Asset/Internship_BT1_StackMaker/_MazeMakerAssets/Texture2D/hei.png
  artifactKey: Guid(426f3f731e865ff4a8dd3aeae42abcd6) Importer(815301076,1909f56bfc062723c751e8b465ee728b)
Start importing Assets/Asset3D/Asset/Internship_BT1_StackMaker/_MazeMakerAssets/Texture2D/hei.png using Guid(426f3f731e865ff4a8dd3aeae42abcd6) Importer(815301076,1909f56bfc062723c751e8b465ee728b)  -> (artifact id: '7364dbf4aad8a8da0bff76e07b2a7814') in 0.029167 seconds
Number of updated asset objects reloaded before import = 0
Number of asset objects unloaded after import = 3
========================================================================
Received Import Request.
  Time since last request: 0.000036 seconds.
  path: Assets/Asset3D/Asset/Internship_BT1_StackMaker/_MazeMakerAssets/Texture2D/hot.png
  artifactKey: Guid(c4b92b6079b5f3a458916d1beaade6f2) Importer(815301076,1909f56bfc062723c751e8b465ee728b)
Start importing Assets/Asset3D/Asset/Internship_BT1_StackMaker/_MazeMakerAssets/Texture2D/hot.png using Guid(c4b92b6079b5f3a458916d1beaade6f2) Importer(815301076,1909f56bfc062723c751e8b465ee728b)  -> (artifact id: 'e3d0ddb3821faabef8889ebb0892c927') in 0.027927 seconds
Number of updated asset objects reloaded before import = 0
Number of asset objects unloaded after import = 3
========================================================================
Received Import Request.
  Time since last request: 0.051337 seconds.
  path: Assets/Asset3D/Asset/Internship_BT1_StackMaker/_MazeMakerAssets/Texture2D/huang.png
  artifactKey: Guid(9abd39b49f783bb4c9cc8c0da9ddee36) Importer(815301076,1909f56bfc062723c751e8b465ee728b)
Start importing Assets/Asset3D/Asset/Internship_BT1_StackMaker/_MazeMakerAssets/Texture2D/huang.png using Guid(9abd39b49f783bb4c9cc8c0da9ddee36) Importer(815301076,1909f56bfc062723c751e8b465ee728b)  -> (artifact id: '1f4cc82d3a696eaa6dce56516524d7a1') in 0.032918 seconds
Number of updated asset objects reloaded before import = 0
Number of asset objects unloaded after import = 3
========================================================================
Received Import Request.
  Time since last request: 0.000041 seconds.
  path: Assets/Asset3D/Asset/Internship_BT1_StackMaker/_MazeMakerAssets/Texture2D/InputFieldBackground.png
  artifactKey: Guid(62cf0b301f917e845ae3c5ae543f437c) Importer(815301076,1909f56bfc062723c751e8b465ee728b)
Start importing Assets/Asset3D/Asset/Internship_BT1_StackMaker/_MazeMakerAssets/Texture2D/InputFieldBackground.png using Guid(62cf0b301f917e845ae3c5ae543f437c) Importer(815301076,1909f56bfc062723c751e8b465ee728b)  -> (artifact id: '61b991793ee73b5dc11f5b087f1703b4') in 0.028316 seconds
Number of updated asset objects reloaded before import = 0
Number of asset objects unloaded after import = 3
========================================================================
Received Import Request.
  Time since last request: 0.000055 seconds.
  path: Assets/Asset3D/Asset/Internship_BT1_StackMaker/_MazeMakerAssets/Texture2D/iconlg.png
  artifactKey: Guid(07ab3dcdbab47d7458b4c6c3fbd436ba) Importer(815301076,1909f56bfc062723c751e8b465ee728b)
Start importing Assets/Asset3D/Asset/Internship_BT1_StackMaker/_MazeMakerAssets/Texture2D/iconlg.png using Guid(07ab3dcdbab47d7458b4c6c3fbd436ba) Importer(815301076,1909f56bfc062723c751e8b465ee728b)  -> (artifact id: 'ca5bd121cab2c59fe6d008aa62767513') in 0.016277 seconds
Number of updated asset objects reloaded before import = 0
Number of asset objects unloaded after import = 2
========================================================================
Received Import Request.
  Time since last request: 0.397396 seconds.
  path: Assets/Asset3D/Asset/Internship_BT1_StackMaker/_MazeMakerAssets/Texture2D/jinbi.png
  artifactKey: Guid(51da1eab017f8be4898648b4a9a7d091) Importer(815301076,1909f56bfc062723c751e8b465ee728b)
Start importing Assets/Asset3D/Asset/Internship_BT1_StackMaker/_MazeMakerAssets/Texture2D/jinbi.png using Guid(51da1eab017f8be4898648b4a9a7d091) Importer(815301076,1909f56bfc062723c751e8b465ee728b)  -> (artifact id: 'f4d9668a29aab39c778cb8ece9fa5f6a') in 0.020731 seconds
Number of updated asset objects reloaded before import = 0
Number of asset objects unloaded after import = 3
========================================================================
Received Import Request.
  Time since last request: 0.000020 seconds.
  path: Assets/Asset3D/Asset/Internship_BT1_StackMaker/_MazeMakerAssets/Texture2D/jinbi03.png
  artifactKey: Guid(43b6f6df46e75f64ebe2bfca06a3cb9a) Importer(815301076,1909f56bfc062723c751e8b465ee728b)
Start importing Assets/Asset3D/Asset/Internship_BT1_StackMaker/_MazeMakerAssets/Texture2D/jinbi03.png using Guid(43b6f6df46e75f64ebe2bfca06a3cb9a) Importer(815301076,1909f56bfc062723c751e8b465ee728b)  -> (artifact id: '7b73817e44a24db113f37432aba5a64e') in 0.013597 seconds
Number of updated asset objects reloaded before import = 0
Number of asset objects unloaded after import = 2
========================================================================
Received Import Request.
  Time since last request: 0.043071 seconds.
  path: Assets/Asset3D/Asset/Internship_BT1_StackMaker/_MazeMakerAssets/Texture2D/jindu.png
  artifactKey: Guid(12ea5b8b4d95bb248bb1ae16dce2d67b) Importer(815301076,1909f56bfc062723c751e8b465ee728b)
Start importing Assets/Asset3D/Asset/Internship_BT1_StackMaker/_MazeMakerAssets/Texture2D/jindu.png using Guid(12ea5b8b4d95bb248bb1ae16dce2d67b) Importer(815301076,1909f56bfc062723c751e8b465ee728b)  -> (artifact id: 'b1bd67a497f7125c1f6def438a61a4e6') in 0.015863 seconds
Number of updated asset objects reloaded before import = 0
Number of asset objects unloaded after import = 3
========================================================================
Received Import Request.
  Time since last request: 0.000037 seconds.
  path: Assets/Asset3D/Asset/Internship_BT1_StackMaker/_MazeMakerAssets/Texture2D/jindu1_0.png
  artifactKey: Guid(ff50e6bbd3bef574a8f6c34c76cc8721) Importer(815301076,1909f56bfc062723c751e8b465ee728b)
Start importing Assets/Asset3D/Asset/Internship_BT1_StackMaker/_MazeMakerAssets/Texture2D/jindu1_0.png using Guid(ff50e6bbd3bef574a8f6c34c76cc8721) Importer(815301076,1909f56bfc062723c751e8b465ee728b)  -> (artifact id: '088991d2cc8c0a143fcb3a91bb99676e') in 0.020712 seconds
Number of updated asset objects reloaded before import = 0
Number of asset objects unloaded after import = 3
========================================================================
Received Import Request.
  Time since last request: 0.000094 seconds.
  path: Assets/Asset3D/Asset/Internship_BT1_StackMaker/_MazeMakerAssets/Texture2D/jindu2.png
  artifactKey: Guid(f016f526ed21115418239a7461759ef6) Importer(815301076,1909f56bfc062723c751e8b465ee728b)
Start importing Assets/Asset3D/Asset/Internship_BT1_StackMaker/_MazeMakerAssets/Texture2D/jindu2.png using Guid(f016f526ed21115418239a7461759ef6) Importer(815301076,1909f56bfc062723c751e8b465ee728b)  -> (artifact id: '35935feee7f84bf032b5a769f76646e5') in 0.018812 seconds
Number of updated asset objects reloaded before import = 0
Number of asset objects unloaded after import = 3
========================================================================
Received Import Request.
  Time since last request: 0.406909 seconds.
  path: Assets/Asset3D/Asset/Internship_BT1_StackMaker/_MazeMakerAssets/Texture2D/jindu3.png
  artifactKey: Guid(f7e366bae0f8d164d9b2005f1f4f431e) Importer(815301076,1909f56bfc062723c751e8b465ee728b)
Start importing Assets/Asset3D/Asset/Internship_BT1_StackMaker/_MazeMakerAssets/Texture2D/jindu3.png using Guid(f7e366bae0f8d164d9b2005f1f4f431e) Importer(815301076,1909f56bfc062723c751e8b465ee728b)  -> (artifact id: '7d4805b37c7fafacb6661c81da8280b0') in 0.031623 seconds
Number of updated asset objects reloaded before import = 0
Number of asset objects unloaded after import = 3
========================================================================
Received Import Request.
  Time since last request: 0.029994 seconds.
  path: Assets/Asset3D/Asset/Internship_BT1_StackMaker/_MazeMakerAssets/Texture2D/jindutiao2.png
  artifactKey: Guid(866b7989f4c0c1449b3d6cf6912131cc) Importer(815301076,1909f56bfc062723c751e8b465ee728b)
Start importing Assets/Asset3D/Asset/Internship_BT1_StackMaker/_MazeMakerAssets/Texture2D/jindutiao2.png using Guid(866b7989f4c0c1449b3d6cf6912131cc) Importer(815301076,1909f56bfc062723c751e8b465ee728b)  -> (artifact id: '0687af267206bf25e55065722ab4bbaf') in 0.016549 seconds
Number of updated asset objects reloaded before import = 0
Number of asset objects unloaded after import = 3
========================================================================
Received Import Request.
  Time since last request: 0.000305 seconds.
  path: Assets/Asset3D/Asset/Internship_BT1_StackMaker/_MazeMakerAssets/Texture2D/jishi_0.png
  artifactKey: Guid(4d56b24c8fdac5549974d18d9083cf98) Importer(815301076,1909f56bfc062723c751e8b465ee728b)
Start importing Assets/Asset3D/Asset/Internship_BT1_StackMaker/_MazeMakerAssets/Texture2D/jishi_0.png using Guid(4d56b24c8fdac5549974d18d9083cf98) Importer(815301076,1909f56bfc062723c751e8b465ee728b)  -> (artifact id: 'eb9045109d9eab9d9d4bdcf0be22003c') in 0.022716 seconds
Number of updated asset objects reloaded before import = 0
Number of asset objects unloaded after import = 3
========================================================================
Received Import Request.
  Time since last request: 0.019437 seconds.
  path: Assets/Asset3D/Asset/Internship_BT1_StackMaker/_MazeMakerAssets/Texture2D/kuang.png
  artifactKey: Guid(173c142853a034c44836514f539ead31) Importer(815301076,1909f56bfc062723c751e8b465ee728b)
Start importing Assets/Asset3D/Asset/Internship_BT1_StackMaker/_MazeMakerAssets/Texture2D/kuang.png using Guid(173c142853a034c44836514f539ead31) Importer(815301076,1909f56bfc062723c751e8b465ee728b)  -> (artifact id: '021880698abed92405c25629afbca49e') in 0.021795 seconds
Number of updated asset objects reloaded before import = 0
Number of asset objects unloaded after import = 3
========================================================================
Received Import Request.
  Time since last request: 0.000079 seconds.
  path: Assets/Asset3D/Asset/Internship_BT1_StackMaker/_MazeMakerAssets/Texture2D/kuang2.png
  artifactKey: Guid(bef2a8f9899753c4eacd463e06e92b98) Importer(815301076,1909f56bfc062723c751e8b465ee728b)
Start importing Assets/Asset3D/Asset/Internship_BT1_StackMaker/_MazeMakerAssets/Texture2D/kuang2.png using Guid(bef2a8f9899753c4eacd463e06e92b98) Importer(815301076,1909f56bfc062723c751e8b465ee728b)  -> (artifact id: '0463b064e31e8e2735a21452c2d44c68') in 0.018473 seconds
Number of updated asset objects reloaded before import = 0
Number of asset objects unloaded after import = 3
========================================================================
Received Import Request.
  Time since last request: 0.074300 seconds.
  path: Assets/Asset3D/Asset/Internship_BT1_StackMaker/_MazeMakerAssets/Texture2D/lbx1.png
  artifactKey: Guid(70497f05c1d4d344f89d8cbd4bc6e6b9) Importer(815301076,1909f56bfc062723c751e8b465ee728b)
Start importing Assets/Asset3D/Asset/Internship_BT1_StackMaker/_MazeMakerAssets/Texture2D/lbx1.png using Guid(70497f05c1d4d344f89d8cbd4bc6e6b9) Importer(815301076,1909f56bfc062723c751e8b465ee728b)  -> (artifact id: '6505ec2eb0172e3cdf2f2750379f9859') in 0.016675 seconds
Number of updated asset objects reloaded before import = 0
Number of asset objects unloaded after import = 2
========================================================================
Received Import Request.
  Time since last request: 0.000046 seconds.
  path: Assets/Asset3D/Asset/Internship_BT1_StackMaker/_MazeMakerAssets/Texture2D/lightning_down_channel1x5_yellow.png
  artifactKey: Guid(f4d78e49d9b4e4d49905f8a0e1997a09) Importer(815301076,1909f56bfc062723c751e8b465ee728b)
Start importing Assets/Asset3D/Asset/Internship_BT1_StackMaker/_MazeMakerAssets/Texture2D/lightning_down_channel1x5_yellow.png using Guid(f4d78e49d9b4e4d49905f8a0e1997a09) Importer(815301076,1909f56bfc062723c751e8b465ee728b)  -> (artifact id: 'de6ede70351a3c7fe25d181affa6ade8') in 0.020931 seconds
Number of updated asset objects reloaded before import = 0
Number of asset objects unloaded after import = 2
========================================================================
Received Import Request.
  Time since last request: 0.442198 seconds.
  path: Assets/Asset3D/Asset/Internship_BT1_StackMaker/_MazeMakerAssets/Texture2D/lihua6.png
  artifactKey: Guid(a4fb1f7ffd6dfc742a0d0cf4fcff8118) Importer(815301076,1909f56bfc062723c751e8b465ee728b)
Start importing Assets/Asset3D/Asset/Internship_BT1_StackMaker/_MazeMakerAssets/Texture2D/lihua6.png using Guid(a4fb1f7ffd6dfc742a0d0cf4fcff8118) Importer(815301076,1909f56bfc062723c751e8b465ee728b)  -> (artifact id: 'fa7d2fd1b991ef79aab4a19b85c5a898') in 0.018023 seconds
Number of updated asset objects reloaded before import = 0
Number of asset objects unloaded after import = 2
========================================================================
Received Import Request.
  Time since last request: 0.027490 seconds.
  path: Assets/Asset3D/Asset/Internship_BT1_StackMaker/_MazeMakerAssets/Texture2D/lv.png
  artifactKey: Guid(e8310015b079a654785edfb69728061f) Importer(815301076,1909f56bfc062723c751e8b465ee728b)
Start importing Assets/Asset3D/Asset/Internship_BT1_StackMaker/_MazeMakerAssets/Texture2D/lv.png using Guid(e8310015b079a654785edfb69728061f) Importer(815301076,1909f56bfc062723c751e8b465ee728b)  -> (artifact id: 'd646a442e7d3247bdd39178bf2efbdf9') in 0.032329 seconds
Number of updated asset objects reloaded before import = 0
Number of asset objects unloaded after import = 3
========================================================================
Received Import Request.
  Time since last request: 0.050621 seconds.
  path: Assets/Asset3D/Asset/Internship_BT1_StackMaker/_MazeMakerAssets/Texture2D/no.png
  artifactKey: Guid(bff125cad742b8149a16859a7e90ad32) Importer(815301076,1909f56bfc062723c751e8b465ee728b)
Start importing Assets/Asset3D/Asset/Internship_BT1_StackMaker/_MazeMakerAssets/Texture2D/no.png using Guid(bff125cad742b8149a16859a7e90ad32) Importer(815301076,1909f56bfc062723c751e8b465ee728b)  -> (artifact id: '4dbe7e2cb0ed49aa20f0e81051eab260') in 0.021598 seconds
Number of updated asset objects reloaded before import = 0
Number of asset objects unloaded after import = 3
========================================================================
Received Import Request.
  Time since last request: 0.028218 seconds.
  path: Assets/Asset3D/Asset/Internship_BT1_StackMaker/_MazeMakerAssets/Texture2D/open2.png
  artifactKey: Guid(237f5b9780f4ca349aa7dec80d92a7be) Importer(815301076,1909f56bfc062723c751e8b465ee728b)
Start importing Assets/Asset3D/Asset/Internship_BT1_StackMaker/_MazeMakerAssets/Texture2D/open2.png using Guid(237f5b9780f4ca349aa7dec80d92a7be) Importer(815301076,1909f56bfc062723c751e8b465ee728b)  -> (artifact id: '67fc3fcc9ed16d63d41c49cf3952e201') in 0.020252 seconds
Number of updated asset objects reloaded before import = 0
Number of asset objects unloaded after import = 3
========================================================================
Received Import Request.
  Time since last request: 0.424809 seconds.
  path: Assets/Asset3D/Asset/Internship_BT1_StackMaker/_MazeMakerAssets/Texture2D/rkzs2.png
  artifactKey: Guid(4c256f6aaea4d2e419c37d4f33fc3d77) Importer(815301076,1909f56bfc062723c751e8b465ee728b)
Start importing Assets/Asset3D/Asset/Internship_BT1_StackMaker/_MazeMakerAssets/Texture2D/rkzs2.png using Guid(4c256f6aaea4d2e419c37d4f33fc3d77) Importer(815301076,1909f56bfc062723c751e8b465ee728b)  -> (artifact id: '2581499e51e74a30b0088d83031bfa17') in 0.019514 seconds
Number of updated asset objects reloaded before import = 0
Number of asset objects unloaded after import = 3
========================================================================
Received Import Request.
  Time since last request: 0.033270 seconds.
  path: Assets/Asset3D/Asset/Internship_BT1_StackMaker/_MazeMakerAssets/Texture2D/shengyin.png
  artifactKey: Guid(4dccec4a9ed06c547b6f78257ec27ee3) Importer(815301076,1909f56bfc062723c751e8b465ee728b)
Start importing Assets/Asset3D/Asset/Internship_BT1_StackMaker/_MazeMakerAssets/Texture2D/shengyin.png using Guid(4dccec4a9ed06c547b6f78257ec27ee3) Importer(815301076,1909f56bfc062723c751e8b465ee728b)  -> (artifact id: '7091ae25672d4b92b07ac22e1b9a8065') in 0.022459 seconds
Number of updated asset objects reloaded before import = 0
Number of asset objects unloaded after import = 3
========================================================================
Received Import Request.
  Time since last request: 0.024344 seconds.
  path: Assets/Asset3D/Asset/Internship_BT1_StackMaker/_MazeMakerAssets/Texture2D/shishi.png
  artifactKey: Guid(481ca7139665dcc40b7cdcc0c0c979fc) Importer(815301076,1909f56bfc062723c751e8b465ee728b)
Start importing Assets/Asset3D/Asset/Internship_BT1_StackMaker/_MazeMakerAssets/Texture2D/shishi.png using Guid(481ca7139665dcc40b7cdcc0c0c979fc) Importer(815301076,1909f56bfc062723c751e8b465ee728b)  -> (artifact id: 'f16e95d48a57f9bf076720a4e1e70d1d') in 0.023848 seconds
Number of updated asset objects reloaded before import = 0
Number of asset objects unloaded after import = 3
========================================================================
Received Import Request.
  Time since last request: 0.365549 seconds.
  path: Assets/Asset3D/Asset/Internship_BT1_StackMaker/_MazeMakerAssets/Texture2D/shuoming.png
  artifactKey: Guid(85b5746f620040e418d015cbc6edb2b4) Importer(815301076,1909f56bfc062723c751e8b465ee728b)
Start importing Assets/Asset3D/Asset/Internship_BT1_StackMaker/_MazeMakerAssets/Texture2D/shuoming.png using Guid(85b5746f620040e418d015cbc6edb2b4) Importer(815301076,1909f56bfc062723c751e8b465ee728b)  -> (artifact id: '44506e89d7f891389f9f50184fceee05') in 0.020789 seconds
Number of updated asset objects reloaded before import = 0
Number of asset objects unloaded after import = 3
========================================================================
Received Import Request.
  Time since last request: 0.029310 seconds.
  path: Assets/Asset3D/Asset/Internship_BT1_StackMaker/_MazeMakerAssets/Texture2D/skeleton_0.png
  artifactKey: Guid(8b2d5bcbd347704489850d40f3e622b0) Importer(815301076,1909f56bfc062723c751e8b465ee728b)
Start importing Assets/Asset3D/Asset/Internship_BT1_StackMaker/_MazeMakerAssets/Texture2D/skeleton_0.png using Guid(8b2d5bcbd347704489850d40f3e622b0) Importer(815301076,1909f56bfc062723c751e8b465ee728b)  -> (artifact id: 'b8b3aed6f79f5e06e0f9d8851738548b') in 0.020637 seconds
Number of updated asset objects reloaded before import = 0
Number of asset objects unloaded after import = 2
========================================================================
Received Import Request.
  Time since last request: 0.000025 seconds.
  path: Assets/Asset3D/Asset/Internship_BT1_StackMaker/_MazeMakerAssets/Texture2D/submit_0.png
  artifactKey: Guid(d07c38206a168384aa77f8ccf7aaf59c) Importer(815301076,1909f56bfc062723c751e8b465ee728b)
Start importing Assets/Asset3D/Asset/Internship_BT1_StackMaker/_MazeMakerAssets/Texture2D/submit_0.png using Guid(d07c38206a168384aa77f8ccf7aaf59c) Importer(815301076,1909f56bfc062723c751e8b465ee728b)  -> (artifact id: '484a877d7d2b0d0f8ba9d920c499e184') in 0.023249 seconds
Number of updated asset objects reloaded before import = 0
Number of asset objects unloaded after import = 3
========================================================================
Received Import Request.
  Time since last request: 0.001036 seconds.
  path: Assets/Asset3D/Asset/Internship_BT1_StackMaker/_MazeMakerAssets/Texture2D/up.png
  artifactKey: Guid(3283fad61048a074cb31075e55f3f4aa) Importer(815301076,1909f56bfc062723c751e8b465ee728b)
Start importing Assets/Asset3D/Asset/Internship_BT1_StackMaker/_MazeMakerAssets/Texture2D/up.png using Guid(3283fad61048a074cb31075e55f3f4aa) Importer(815301076,1909f56bfc062723c751e8b465ee728b)  -> (artifact id: '22900cba6b74a51d7c7724fc7d466e67') in 0.024930 seconds
Number of updated asset objects reloaded before import = 0
Number of asset objects unloaded after import = 3
========================================================================
Received Import Request.
  Time since last request: 0.324210 seconds.
  path: Assets/Asset3D/Asset/Internship_BT1_StackMaker/_MazeMakerAssets/Texture2D/upsz.png
  artifactKey: Guid(1e05b21dd244b4d40aad36747cfa0bd4) Importer(815301076,1909f56bfc062723c751e8b465ee728b)
Start importing Assets/Asset3D/Asset/Internship_BT1_StackMaker/_MazeMakerAssets/Texture2D/upsz.png using Guid(1e05b21dd244b4d40aad36747cfa0bd4) Importer(815301076,1909f56bfc062723c751e8b465ee728b)  -> (artifact id: '96327bfcba940d435b80cf35ecb2a5f6') in 0.021221 seconds
Number of updated asset objects reloaded before import = 0
Number of asset objects unloaded after import = 3
========================================================================
Received Import Request.
  Time since last request: 0.002498 seconds.
  path: Assets/Asset3D/Asset/Internship_BT1_StackMaker/_MazeMakerAssets/Texture2D/wujiaoxingjinbi_D_dui2.png
  artifactKey: Guid(7d17cef6d8f207c4b9b0e9e36d9aba22) Importer(815301076,1909f56bfc062723c751e8b465ee728b)
Start importing Assets/Asset3D/Asset/Internship_BT1_StackMaker/_MazeMakerAssets/Texture2D/wujiaoxingjinbi_D_dui2.png using Guid(7d17cef6d8f207c4b9b0e9e36d9aba22) Importer(815301076,1909f56bfc062723c751e8b465ee728b)  -> (artifact id: 'c8133220e8832c3ec1f13949ce091ea4') in 0.016563 seconds
Number of updated asset objects reloaded before import = 0
Number of asset objects unloaded after import = 2
========================================================================
Received Import Request.
  Time since last request: 0.032426 seconds.
  path: Assets/Asset3D/Asset/Internship_BT1_StackMaker/_MazeMakerAssets/Texture2D/xiaoxiao01.png
  artifactKey: Guid(8963129b588bc2f42b14d22a92ff8302) Importer(815301076,1909f56bfc062723c751e8b465ee728b)
Start importing Assets/Asset3D/Asset/Internship_BT1_StackMaker/_MazeMakerAssets/Texture2D/xiaoxiao01.png using Guid(8963129b588bc2f42b14d22a92ff8302) Importer(815301076,1909f56bfc062723c751e8b465ee728b)  -> (artifact id: 'dc32a0a2ce6b89286f165c39d399d8cf') in 0.020601 seconds
Number of updated asset objects reloaded before import = 0
Number of asset objects unloaded after import = 2
========================================================================
Received Import Request.
  Time since last request: 0.001014 seconds.
  path: Assets/Asset3D/Asset/Internship_BT1_StackMaker/_MazeMakerAssets/Texture2D/xx.png
  artifactKey: Guid(87bcc6954e18dff4ab71301b1213ba7b) Importer(815301076,1909f56bfc062723c751e8b465ee728b)
Start importing Assets/Asset3D/Asset/Internship_BT1_StackMaker/_MazeMakerAssets/Texture2D/xx.png using Guid(87bcc6954e18dff4ab71301b1213ba7b) Importer(815301076,1909f56bfc062723c751e8b465ee728b)  -> (artifact id: '98b821c51d9f62c718643553d1e794a7') in 0.022469 seconds
Number of updated asset objects reloaded before import = 0
Number of asset objects unloaded after import = 3
========================================================================
Received Import Request.
  Time since last request: 0.345097 seconds.
  path: Assets/Asset3D/Asset/Internship_BT1_StackMaker/_MazeMakerAssets/Texture2D/yindao.png
  artifactKey: Guid(6410d1732fbf5774d941bb19fe1ef5fb) Importer(815301076,1909f56bfc062723c751e8b465ee728b)
Start importing Assets/Asset3D/Asset/Internship_BT1_StackMaker/_MazeMakerAssets/Texture2D/yindao.png using Guid(6410d1732fbf5774d941bb19fe1ef5fb) Importer(815301076,1909f56bfc062723c751e8b465ee728b)  -> (artifact id: '5cd01ed6d8852603a13d0b29984527e1') in 0.017625 seconds
Number of updated asset objects reloaded before import = 0
Number of asset objects unloaded after import = 2
========================================================================
Received Import Request.
  Time since last request: 0.047598 seconds.
  path: Assets/Asset3D/Asset/Internship_BT1_StackMaker/_MazeMakerAssets/Texture2D/zhendong.png
  artifactKey: Guid(f6439076513878d498b2e13963ee3e96) Importer(815301076,1909f56bfc062723c751e8b465ee728b)
Start importing Assets/Asset3D/Asset/Internship_BT1_StackMaker/_MazeMakerAssets/Texture2D/zhendong.png using Guid(f6439076513878d498b2e13963ee3e96) Importer(815301076,1909f56bfc062723c751e8b465ee728b)  -> (artifact id: '435baee8238ed0640aa02c7aa83ca3fa') in 0.017990 seconds
Number of updated asset objects reloaded before import = 0
Number of asset objects unloaded after import = 3
========================================================================
Received Import Request.
  Time since last request: 0.000020 seconds.
  path: Assets/Asset3D/Asset/Internship_BT1_StackMaker/_MazeMakerAssets/Texture2D/zs01.png
  artifactKey: Guid(c82bfa3e19b9e484aaedff80ce193143) Importer(815301076,1909f56bfc062723c751e8b465ee728b)
Start importing Assets/Asset3D/Asset/Internship_BT1_StackMaker/_MazeMakerAssets/Texture2D/zs01.png using Guid(c82bfa3e19b9e484aaedff80ce193143) Importer(815301076,1909f56bfc062723c751e8b465ee728b)  -> (artifact id: '134897a40504535a58ce0dc0b15130b2') in 0.016159 seconds
Number of updated asset objects reloaded before import = 0
Number of asset objects unloaded after import = 2
========================================================================
Received Import Request.
  Time since last request: 0.019559 seconds.
  path: Assets/Asset3D/Asset/Internship_BT1_StackMaker/_MazeMakerAssets/Texture2D/zs02.png
  artifactKey: Guid(ff31712e06e33c14fbd3fce33276b3ea) Importer(815301076,1909f56bfc062723c751e8b465ee728b)
Start importing Assets/Asset3D/Asset/Internship_BT1_StackMaker/_MazeMakerAssets/Texture2D/zs02.png using Guid(ff31712e06e33c14fbd3fce33276b3ea) Importer(815301076,1909f56bfc062723c751e8b465ee728b)  -> (artifact id: '408dc61cf26ce88abbbc6c93927634a6') in 0.017921 seconds
Number of updated asset objects reloaded before import = 0
Number of asset objects unloaded after import = 2
Editor requested this worker to shutdown with reason: Scaling down because of idle timeout
TcpMessagingSession - receive error: operation aborted. errorcode: 995, details: The I/O operation has been aborted because of either a thread exit or an application request.
AssetImportWorker is now disconnected from the server
Process exiting
Exiting without the bug reporter. Application will terminate with return code 0